Starting SellApplication on GH-PC with PID 5756 (D:\masterSpring\code\sell\target\classes started by GH in D:\masterSpring\code\sell)
No active profile set, falling back to default profiles: default
Refreshing org.springframework.boot.context.embedded.AnnotationConfigEmbeddedWebApplicationContext@2e005c4b: startup date [Wed Apr 11 09:45:23 CST 2018]; root of context hierarchy
HV000001: Hibernate Validator 5.3.6.Final
Bean 'org.springframework.transaction.annotation.ProxyTransactionManagementConfiguration' of type [org.springframework.transaction.annotation.ProxyTransactionManagementConfiguration$$EnhancerBySpringCGLIB$$123ea0a] is not eligible for getting processed by all BeanPostProcessors (for example: not eligible for auto-proxying)
Tomcat initialized with port(s): 8080 (http)
Starting service [Tomcat]
Starting Servlet Engine: Apache Tomcat/8.5.27
Initializing Spring embedded WebApplicationContext
Root WebApplicationContext: initialization completed in 2175 ms
Mapping servlet: 'dispatcherServlet' to [/]
Mapping filter: 'characterEncodingFilter' to: [/*]
Mapping filter: 'hiddenHttpMethodFilter' to: [/*]
Mapping filter: 'httpPutFormContentFilter' to: [/*]
Mapping filter: 'requestContextFilter' to: [/*]
Starting SellApplication on GH-PC with PID 5036 (D:\masterSpring\code\sell\target\classes started by GH in D:\masterSpring\code\sell)
No active profile set, falling back to default profiles: default
Refreshing org.springframework.boot.context.embedded.AnnotationConfigEmbeddedWebApplicationContext@2e005c4b: startup date [Wed Apr 11 09:46:46 CST 2018]; root of context hierarchy
HV000001: Hibernate Validator 5.3.6.Final
Bean 'org.springframework.transaction.annotation.ProxyTransactionManagementConfiguration' of type [org.springframework.transaction.annotation.ProxyTransactionManagementConfiguration$$EnhancerBySpringCGLIB$$123ea0a] is not eligible for getting processed by all BeanPostProcessors (for example: not eligible for auto-proxying)
Tomcat initialized with port(s): 8080 (http)
Starting service [Tomcat]
Starting Servlet Engine: Apache Tomcat/8.5.27
Initializing Spring embedded WebApplicationContext
Root WebApplicationContext: initialization completed in 1595 ms
Mapping servlet: 'dispatcherServlet' to [/]
Mapping filter: 'characterEncodingFilter' to: [/*]
Mapping filter: 'hiddenHttpMethodFilter' to: [/*]
Mapping filter: 'httpPutFormContentFilter' to: [/*]
Mapping filter: 'requestContextFilter' to: [/*]
Building JPA container EntityManagerFactory for persistence unit 'default'
HHH000204: Processing PersistenceUnitInfo [
	name: default
	...]
HHH000412: Hibernate Core {5.0.12.Final}
HHH000206: hibernate.properties not found
HHH000021: Bytecode provider name : javassist
HCANN000001: Hibernate Commons Annotations {5.0.1.Final}
HHH000400: Using dialect: org.hibernate.dialect.MySQL5Dialect
Initialized JPA EntityManagerFactory for persistence unit 'default'
Looking for @ControllerAdvice: org.springframework.boot.context.embedded.AnnotationConfigEmbeddedWebApplicationContext@2e005c4b: startup date [Wed Apr 11 09:46:46 CST 2018]; root of context hierarchy
Mapped "{[/buyer/order/create],methods=[POST]}" onto public com.imooc.VO.ResultVO<java.util.Map<java.lang.String, java.lang.String>> com.imooc.controller.BuyerOrderController.create(com.imooc.form.OrderForm,org.springframework.validation.BindingResult)
Mapped "{[/buyer/order/list],methods=[GET]}" onto public com.imooc.VO.ResultVO<java.util.List<com.imooc.dto.OrderDTO>> com.imooc.controller.BuyerOrderController.list(java.lang.String,java.lang.Integer,java.lang.Integer)
Mapped "{[/buyer/order/detail],methods=[GET]}" onto public com.imooc.VO.ResultVO<com.imooc.dto.OrderDTO> com.imooc.controller.BuyerOrderController.detail(java.lang.String,java.lang.String)
Mapped "{[/buyer/order/cancel],methods=[POST]}" onto public com.imooc.VO.ResultVO com.imooc.controller.BuyerOrderController.cancel(java.lang.String,java.lang.String)
Mapped "{[/buyer/product/list],methods=[GET]}" onto public com.imooc.VO.ResultVO com.imooc.controller.BuyerProductController.list()
Mapped "{[/wechat/userInfo],methods=[GET]}" onto public java.lang.String com.imooc.controller.WechatController.userinfo(java.lang.String,java.lang.String)
Mapped "{[/wechat/authorize],methods=[GET]}" onto public java.lang.String com.imooc.controller.WechatController.authorize(java.lang.String)
Mapped "{[/weixin/auth],methods=[GET]}" onto public void com.imooc.controller.WeixinController.auth(java.lang.String)
Mapped "{[/error]}" onto public org.springframework.http.ResponseEntity<java.util.Map<java.lang.String, java.lang.Object>> org.springframework.boot.autoconfigure.web.BasicErrorController.error(javax.servlet.http.HttpServletRequest)
Mapped "{[/error],produces=[text/html]}" onto public org.springframework.web.servlet.ModelAndView org.springframework.boot.autoconfigure.web.BasicErrorController.errorHtml(javax.servlet.http.HttpServletRequest,javax.servlet.http.HttpServletResponse)
Mapped URL path [/webjars/**] onto handler of type [class org.springframework.web.servlet.resource.ResourceHttpRequestHandler]
Mapped URL path [/**] onto handler of type [class org.springframework.web.servlet.resource.ResourceHttpRequestHandler]
Mapped URL path [/**/favicon.ico] onto handler of type [class org.springframework.web.servlet.resource.ResourceHttpRequestHandler]
Registering beans for JMX exposure on startup
Initializing ProtocolHandler ["http-nio-8080"]
Starting ProtocolHandler ["http-nio-8080"]
Using a shared selector for servlet write/read
Tomcat started on port(s): 8080 (http)
Started SellApplication in 8.352 seconds (JVM running for 11.687)
Starting SellApplication on GH-PC with PID 5740 (D:\masterSpring\code\sell\target\classes started by GH in D:\masterSpring\code\sell)
No active profile set, falling back to default profiles: default
Refreshing org.springframework.boot.context.embedded.AnnotationConfigEmbeddedWebApplicationContext@2e005c4b: startup date [Wed Apr 11 09:48:22 CST 2018]; root of context hierarchy
HV000001: Hibernate Validator 5.3.6.Final
Bean 'org.springframework.transaction.annotation.ProxyTransactionManagementConfiguration' of type [org.springframework.transaction.annotation.ProxyTransactionManagementConfiguration$$EnhancerBySpringCGLIB$$27752c31] is not eligible for getting processed by all BeanPostProcessors (for example: not eligible for auto-proxying)
Tomcat initialized with port(s): 8080 (http)
Starting service [Tomcat]
Starting Servlet Engine: Apache Tomcat/8.5.27
Initializing Spring embedded WebApplicationContext
Root WebApplicationContext: initialization completed in 1288 ms
Mapping servlet: 'dispatcherServlet' to [/]
Mapping filter: 'characterEncodingFilter' to: [/*]
Mapping filter: 'hiddenHttpMethodFilter' to: [/*]
Mapping filter: 'httpPutFormContentFilter' to: [/*]
Mapping filter: 'requestContextFilter' to: [/*]
Building JPA container EntityManagerFactory for persistence unit 'default'
HHH000204: Processing PersistenceUnitInfo [
	name: default
	...]
HHH000412: Hibernate Core {5.0.12.Final}
HHH000206: hibernate.properties not found
HHH000021: Bytecode provider name : javassist
HCANN000001: Hibernate Commons Annotations {5.0.1.Final}
HHH000400: Using dialect: org.hibernate.dialect.MySQL5Dialect
Initialized JPA EntityManagerFactory for persistence unit 'default'
Looking for @ControllerAdvice: org.springframework.boot.context.embedded.AnnotationConfigEmbeddedWebApplicationContext@2e005c4b: startup date [Wed Apr 11 09:48:22 CST 2018]; root of context hierarchy
Mapped "{[/buyer/order/create],methods=[POST]}" onto public com.imooc.VO.ResultVO<java.util.Map<java.lang.String, java.lang.String>> com.imooc.controller.BuyerOrderController.create(com.imooc.form.OrderForm,org.springframework.validation.BindingResult)
Mapped "{[/buyer/order/list],methods=[GET]}" onto public com.imooc.VO.ResultVO<java.util.List<com.imooc.dto.OrderDTO>> com.imooc.controller.BuyerOrderController.list(java.lang.String,java.lang.Integer,java.lang.Integer)
Mapped "{[/buyer/order/detail],methods=[GET]}" onto public com.imooc.VO.ResultVO<com.imooc.dto.OrderDTO> com.imooc.controller.BuyerOrderController.detail(java.lang.String,java.lang.String)
Mapped "{[/buyer/order/cancel],methods=[POST]}" onto public com.imooc.VO.ResultVO com.imooc.controller.BuyerOrderController.cancel(java.lang.String,java.lang.String)
Mapped "{[/buyer/product/list],methods=[GET]}" onto public com.imooc.VO.ResultVO com.imooc.controller.BuyerProductController.list()
Mapped "{[/wechat/userInfo],methods=[GET]}" onto public java.lang.String com.imooc.controller.WechatController.userinfo(java.lang.String,java.lang.String)
Mapped "{[/wechat/authorize],methods=[GET]}" onto public java.lang.String com.imooc.controller.WechatController.authorize(java.lang.String)
Mapped "{[/weixin/auth],methods=[GET]}" onto public void com.imooc.controller.WeixinController.auth(java.lang.String)
Mapped "{[/error]}" onto public org.springframework.http.ResponseEntity<java.util.Map<java.lang.String, java.lang.Object>> org.springframework.boot.autoconfigure.web.BasicErrorController.error(javax.servlet.http.HttpServletRequest)
Mapped "{[/error],produces=[text/html]}" onto public org.springframework.web.servlet.ModelAndView org.springframework.boot.autoconfigure.web.BasicErrorController.errorHtml(javax.servlet.http.HttpServletRequest,javax.servlet.http.HttpServletResponse)
Mapped URL path [/webjars/**] onto handler of type [class org.springframework.web.servlet.resource.ResourceHttpRequestHandler]
Mapped URL path [/**] onto handler of type [class org.springframework.web.servlet.resource.ResourceHttpRequestHandler]
Mapped URL path [/**/favicon.ico] onto handler of type [class org.springframework.web.servlet.resource.ResourceHttpRequestHandler]
Registering beans for JMX exposure on startup
Initializing ProtocolHandler ["http-nio-8080"]
Starting ProtocolHandler ["http-nio-8080"]
Using a shared selector for servlet write/read
Tomcat started on port(s): 8080 (http)
Started SellApplication in 3.961 seconds (JVM running for 6.825)
Initializing Spring FrameworkServlet 'dispatcherServlet'
FrameworkServlet 'dispatcherServlet': initialization started
FrameworkServlet 'dispatcherServlet': initialization completed in 21 ms
【微信网页授权】获取code,result=https://open.weixin.qq.com/connect/oauth2/authorize?appid=wx13f3127cf4b8d83b&redirect_uri=http%3A%2F%2Fsellshou.natapp1.cc%2Fsell%2Fwechat%2FuserInfo&response_type=code&scope=snsapi_userinfo&state=www.imooc.com#wechat_redirect
Starting SellApplication on GH-PC with PID 5876 (D:\masterSpring\code\sell\target\classes started by GH in D:\masterSpring\code\sell)
No active profile set, falling back to default profiles: default
Refreshing org.springframework.boot.context.embedded.AnnotationConfigEmbeddedWebApplicationContext@53dbe163: startup date [Wed Apr 11 09:49:02 CST 2018]; root of context hierarchy
HV000001: Hibernate Validator 5.3.6.Final
Bean 'org.springframework.transaction.annotation.ProxyTransactionManagementConfiguration' of type [org.springframework.transaction.annotation.ProxyTransactionManagementConfiguration$$EnhancerBySpringCGLIB$$6c65ebda] is not eligible for getting processed by all BeanPostProcessors (for example: not eligible for auto-proxying)
Tomcat initialized with port(s): 8080 (http)
Starting service [Tomcat]
Starting Servlet Engine: Apache Tomcat/8.5.27
Initializing Spring embedded WebApplicationContext
Root WebApplicationContext: initialization completed in 1563 ms
Mapping servlet: 'dispatcherServlet' to [/]
Mapping filter: 'characterEncodingFilter' to: [/*]
Mapping filter: 'hiddenHttpMethodFilter' to: [/*]
Mapping filter: 'httpPutFormContentFilter' to: [/*]
Mapping filter: 'requestContextFilter' to: [/*]
Building JPA container EntityManagerFactory for persistence unit 'default'
HHH000204: Processing PersistenceUnitInfo [
	name: default
	...]
HHH000412: Hibernate Core {5.0.12.Final}
HHH000206: hibernate.properties not found
HHH000021: Bytecode provider name : javassist
HCANN000001: Hibernate Commons Annotations {5.0.1.Final}
HHH000400: Using dialect: org.hibernate.dialect.MySQL5Dialect
Initialized JPA EntityManagerFactory for persistence unit 'default'
Looking for @ControllerAdvice: org.springframework.boot.context.embedded.AnnotationConfigEmbeddedWebApplicationContext@53dbe163: startup date [Wed Apr 11 09:49:02 CST 2018]; root of context hierarchy
Mapped "{[/buyer/order/create],methods=[POST]}" onto public com.imooc.VO.ResultVO<java.util.Map<java.lang.String, java.lang.String>> com.imooc.controller.BuyerOrderController.create(com.imooc.form.OrderForm,org.springframework.validation.BindingResult)
Mapped "{[/buyer/order/list],methods=[GET]}" onto public com.imooc.VO.ResultVO<java.util.List<com.imooc.dto.OrderDTO>> com.imooc.controller.BuyerOrderController.list(java.lang.String,java.lang.Integer,java.lang.Integer)
Mapped "{[/buyer/order/cancel],methods=[POST]}" onto public com.imooc.VO.ResultVO com.imooc.controller.BuyerOrderController.cancel(java.lang.String,java.lang.String)
Mapped "{[/buyer/order/detail],methods=[GET]}" onto public com.imooc.VO.ResultVO<com.imooc.dto.OrderDTO> com.imooc.controller.BuyerOrderController.detail(java.lang.String,java.lang.String)
Mapped "{[/buyer/product/list],methods=[GET]}" onto public com.imooc.VO.ResultVO com.imooc.controller.BuyerProductController.list()
Mapped "{[/wechat/userInfo],methods=[GET]}" onto public java.lang.String com.imooc.controller.WechatController.userinfo(java.lang.String,java.lang.String)
Mapped "{[/wechat/authorize],methods=[GET]}" onto public java.lang.String com.imooc.controller.WechatController.authorize(java.lang.String)
Mapped "{[/weixin/auth],methods=[GET]}" onto public void com.imooc.controller.WeixinController.auth(java.lang.String)
Mapped "{[/error]}" onto public org.springframework.http.ResponseEntity<java.util.Map<java.lang.String, java.lang.Object>> org.springframework.boot.autoconfigure.web.BasicErrorController.error(javax.servlet.http.HttpServletRequest)
Mapped "{[/error],produces=[text/html]}" onto public org.springframework.web.servlet.ModelAndView org.springframework.boot.autoconfigure.web.BasicErrorController.errorHtml(javax.servlet.http.HttpServletRequest,javax.servlet.http.HttpServletResponse)
Mapped URL path [/webjars/**] onto handler of type [class org.springframework.web.servlet.resource.ResourceHttpRequestHandler]
Mapped URL path [/**] onto handler of type [class org.springframework.web.servlet.resource.ResourceHttpRequestHandler]
Mapped URL path [/**/favicon.ico] onto handler of type [class org.springframework.web.servlet.resource.ResourceHttpRequestHandler]
Registering beans for JMX exposure on startup
Initializing ProtocolHandler ["http-nio-8080"]
Starting ProtocolHandler ["http-nio-8080"]
Using a shared selector for servlet write/read
Tomcat started on port(s): 8080 (http)
Started SellApplication in 5.383 seconds (JVM running for 8.985)
Initializing Spring FrameworkServlet 'dispatcherServlet'
FrameworkServlet 'dispatcherServlet': initialization started
FrameworkServlet 'dispatcherServlet': initialization completed in 31 ms
【微信网页授权】获取code,result=https://open.weixin.qq.com/connect/oauth2/authorize?appid=wx13f3127cf4b8d83b&redirect_uri=http%3A%2F%2Fsellshou.natapp1.cc%2Fsell%2Fwechat%2FuserInfo&response_type=code&scope=snsapi_userinfo&state=www.imooc.com#wechat_redirect
【微信网页授权】获取code,result=https://open.weixin.qq.com/connect/oauth2/authorize?appid=wx13f3127cf4b8d83b&redirect_uri=http%3A%2F%2Fsellshou.natapp1.cc%2Fsell%2Fwechat%2FuserInfo&response_type=code&scope=snsapi_userinfo&state=www.imooc.com#wechat_redirect
Starting SellApplication on GH-PC with PID 5132 (D:\masterSpring\code\sell\target\classes started by GH in D:\masterSpring\code\sell)
No active profile set, falling back to default profiles: default
Refreshing org.springframework.boot.context.embedded.AnnotationConfigEmbeddedWebApplicationContext@2fd953a6: startup date [Wed Apr 11 09:53:22 CST 2018]; root of context hierarchy
HV000001: Hibernate Validator 5.3.6.Final
Bean 'org.springframework.transaction.annotation.ProxyTransactionManagementConfiguration' of type [org.springframework.transaction.annotation.ProxyTransactionManagementConfiguration$$EnhancerBySpringCGLIB$$26743a33] is not eligible for getting processed by all BeanPostProcessors (for example: not eligible for auto-proxying)
Tomcat initialized with port(s): 8080 (http)
Starting service [Tomcat]
Starting Servlet Engine: Apache Tomcat/8.5.27
Initializing Spring embedded WebApplicationContext
Root WebApplicationContext: initialization completed in 1595 ms
Mapping servlet: 'dispatcherServlet' to [/]
Mapping filter: 'characterEncodingFilter' to: [/*]
Mapping filter: 'hiddenHttpMethodFilter' to: [/*]
Mapping filter: 'httpPutFormContentFilter' to: [/*]
Mapping filter: 'requestContextFilter' to: [/*]
Building JPA container EntityManagerFactory for persistence unit 'default'
HHH000204: Processing PersistenceUnitInfo [
	name: default
	...]
HHH000412: Hibernate Core {5.0.12.Final}
HHH000206: hibernate.properties not found
HHH000021: Bytecode provider name : javassist
HCANN000001: Hibernate Commons Annotations {5.0.1.Final}
HHH000400: Using dialect: org.hibernate.dialect.MySQL5Dialect
Initialized JPA EntityManagerFactory for persistence unit 'default'
Looking for @ControllerAdvice: org.springframework.boot.context.embedded.AnnotationConfigEmbeddedWebApplicationContext@2fd953a6: startup date [Wed Apr 11 09:53:22 CST 2018]; root of context hierarchy
Mapped "{[/buyer/order/create],methods=[POST]}" onto public com.imooc.VO.ResultVO<java.util.Map<java.lang.String, java.lang.String>> com.imooc.controller.BuyerOrderController.create(com.imooc.form.OrderForm,org.springframework.validation.BindingResult)
Mapped "{[/buyer/order/list],methods=[GET]}" onto public com.imooc.VO.ResultVO<java.util.List<com.imooc.dto.OrderDTO>> com.imooc.controller.BuyerOrderController.list(java.lang.String,java.lang.Integer,java.lang.Integer)
Mapped "{[/buyer/order/cancel],methods=[POST]}" onto public com.imooc.VO.ResultVO com.imooc.controller.BuyerOrderController.cancel(java.lang.String,java.lang.String)
Mapped "{[/buyer/order/detail],methods=[GET]}" onto public com.imooc.VO.ResultVO<com.imooc.dto.OrderDTO> com.imooc.controller.BuyerOrderController.detail(java.lang.String,java.lang.String)
Mapped "{[/buyer/product/list],methods=[GET]}" onto public com.imooc.VO.ResultVO com.imooc.controller.BuyerProductController.list()
Mapped "{[/wechat/userInfo],methods=[GET]}" onto public java.lang.String com.imooc.controller.WechatController.userinfo(java.lang.String,java.lang.String)
Mapped "{[/wechat/authorize],methods=[GET]}" onto public java.lang.String com.imooc.controller.WechatController.authorize(java.lang.String)
Mapped "{[/weixin/auth],methods=[GET]}" onto public void com.imooc.controller.WeixinController.auth(java.lang.String)
Mapped "{[/error]}" onto public org.springframework.http.ResponseEntity<java.util.Map<java.lang.String, java.lang.Object>> org.springframework.boot.autoconfigure.web.BasicErrorController.error(javax.servlet.http.HttpServletRequest)
Mapped "{[/error],produces=[text/html]}" onto public org.springframework.web.servlet.ModelAndView org.springframework.boot.autoconfigure.web.BasicErrorController.errorHtml(javax.servlet.http.HttpServletRequest,javax.servlet.http.HttpServletResponse)
Mapped URL path [/webjars/**] onto handler of type [class org.springframework.web.servlet.resource.ResourceHttpRequestHandler]
Mapped URL path [/**] onto handler of type [class org.springframework.web.servlet.resource.ResourceHttpRequestHandler]
Mapped URL path [/**/favicon.ico] onto handler of type [class org.springframework.web.servlet.resource.ResourceHttpRequestHandler]
Registering beans for JMX exposure on startup
Initializing ProtocolHandler ["http-nio-8080"]
Starting ProtocolHandler ["http-nio-8080"]
Using a shared selector for servlet write/read
Tomcat started on port(s): 8080 (http)
Started SellApplication in 5.347 seconds (JVM running for 8.429)
Initializing Spring FrameworkServlet 'dispatcherServlet'
FrameworkServlet 'dispatcherServlet': initialization started
FrameworkServlet 'dispatcherServlet': initialization completed in 27 ms
【微信网页授权】获取code,result=https://open.weixin.qq.com/connect/oauth2/authorize?appid=wx13f3127cf4b8d83b&redirect_uri=http%3A%2F%2Fsellshou.natapp1.cc%2Fsell%2Fwechat%2FuserInfo&response_type=code&scope=snsapi_userinfo&state=www.imooc.com#wechat_redirect
【微信网页授权】获取code,result=https://open.weixin.qq.com/connect/oauth2/authorize?appid=wx13f3127cf4b8d83b&redirect_uri=http%3A%2F%2Fsellshou.natapp1.cc%2Fsell%2Fwechat%2FuserInfo&response_type=code&scope=snsapi_userinfo&state=www.imooc.com#wechat_redirect
Starting SellApplication on GH-PC with PID 3780 (D:\masterSpring\code\sell\target\classes started by GH in D:\masterSpring\code\sell)
No active profile set, falling back to default profiles: default
Refreshing org.springframework.boot.context.embedded.AnnotationConfigEmbeddedWebApplicationContext@2e005c4b: startup date [Wed Apr 11 09:54:43 CST 2018]; root of context hierarchy
HV000001: Hibernate Validator 5.3.6.Final
Bean 'org.springframework.transaction.annotation.ProxyTransactionManagementConfiguration' of type [org.springframework.transaction.annotation.ProxyTransactionManagementConfiguration$$EnhancerBySpringCGLIB$$5e92af76] is not eligible for getting processed by all BeanPostProcessors (for example: not eligible for auto-proxying)
Tomcat initialized with port(s): 8080 (http)
Starting service [Tomcat]
Starting Servlet Engine: Apache Tomcat/8.5.27
Initializing Spring embedded WebApplicationContext
Root WebApplicationContext: initialization completed in 1302 ms
Mapping servlet: 'dispatcherServlet' to [/]
Mapping filter: 'characterEncodingFilter' to: [/*]
Mapping filter: 'hiddenHttpMethodFilter' to: [/*]
Mapping filter: 'httpPutFormContentFilter' to: [/*]
Mapping filter: 'requestContextFilter' to: [/*]
Building JPA container EntityManagerFactory for persistence unit 'default'
HHH000204: Processing PersistenceUnitInfo [
	name: default
	...]
HHH000412: Hibernate Core {5.0.12.Final}
HHH000206: hibernate.properties not found
HHH000021: Bytecode provider name : javassist
HCANN000001: Hibernate Commons Annotations {5.0.1.Final}
HHH000400: Using dialect: org.hibernate.dialect.MySQL5Dialect
Initialized JPA EntityManagerFactory for persistence unit 'default'
Looking for @ControllerAdvice: org.springframework.boot.context.embedded.AnnotationConfigEmbeddedWebApplicationContext@2e005c4b: startup date [Wed Apr 11 09:54:43 CST 2018]; root of context hierarchy
Mapped "{[/buyer/order/create],methods=[POST]}" onto public com.imooc.VO.ResultVO<java.util.Map<java.lang.String, java.lang.String>> com.imooc.controller.BuyerOrderController.create(com.imooc.form.OrderForm,org.springframework.validation.BindingResult)
Mapped "{[/buyer/order/list],methods=[GET]}" onto public com.imooc.VO.ResultVO<java.util.List<com.imooc.dto.OrderDTO>> com.imooc.controller.BuyerOrderController.list(java.lang.String,java.lang.Integer,java.lang.Integer)
Mapped "{[/buyer/order/cancel],methods=[POST]}" onto public com.imooc.VO.ResultVO com.imooc.controller.BuyerOrderController.cancel(java.lang.String,java.lang.String)
Mapped "{[/buyer/order/detail],methods=[GET]}" onto public com.imooc.VO.ResultVO<com.imooc.dto.OrderDTO> com.imooc.controller.BuyerOrderController.detail(java.lang.String,java.lang.String)
Mapped "{[/buyer/product/list],methods=[GET]}" onto public com.imooc.VO.ResultVO com.imooc.controller.BuyerProductController.list()
Mapped "{[/wechat/userInfo],methods=[GET]}" onto public java.lang.String com.imooc.controller.WechatController.userinfo(java.lang.String,java.lang.String)
Mapped "{[/wechat/authorize],methods=[GET]}" onto public java.lang.String com.imooc.controller.WechatController.authorize(java.lang.String)
Mapped "{[/weixin/auth],methods=[GET]}" onto public void com.imooc.controller.WeixinController.auth(java.lang.String)
Mapped "{[/error]}" onto public org.springframework.http.ResponseEntity<java.util.Map<java.lang.String, java.lang.Object>> org.springframework.boot.autoconfigure.web.BasicErrorController.error(javax.servlet.http.HttpServletRequest)
Mapped "{[/error],produces=[text/html]}" onto public org.springframework.web.servlet.ModelAndView org.springframework.boot.autoconfigure.web.BasicErrorController.errorHtml(javax.servlet.http.HttpServletRequest,javax.servlet.http.HttpServletResponse)
Mapped URL path [/webjars/**] onto handler of type [class org.springframework.web.servlet.resource.ResourceHttpRequestHandler]
Mapped URL path [/**] onto handler of type [class org.springframework.web.servlet.resource.ResourceHttpRequestHandler]
Mapped URL path [/**/favicon.ico] onto handler of type [class org.springframework.web.servlet.resource.ResourceHttpRequestHandler]
Registering beans for JMX exposure on startup
Initializing ProtocolHandler ["http-nio-8080"]
Starting ProtocolHandler ["http-nio-8080"]
Using a shared selector for servlet write/read
Tomcat started on port(s): 8080 (http)
Started SellApplication in 3.879 seconds (JVM running for 6.725)
Initializing Spring FrameworkServlet 'dispatcherServlet'
FrameworkServlet 'dispatcherServlet': initialization started
FrameworkServlet 'dispatcherServlet': initialization completed in 21 ms
【微信网页授权】获取code,result=https://open.weixin.qq.com/connect/oauth2/authorize?appid=wx13f3127cf4b8d83b&redirect_uri=http%3A%2F%2Fsellshou.natapp1.cc%2Fsell%2Fwechat%2FuserInfo&response_type=code&scope=snsapi_userinfo&state=www.imooc.com#wechat_redirect
【微信网页授权】获取code,result=https://open.weixin.qq.com/connect/oauth2/authorize?appid=wx13f3127cf4b8d83b&redirect_uri=http%3A%2F%2Fsellshou.natapp1.cc%2Fsell%2Fwechat%2FuserInfo&response_type=code&scope=snsapi_userinfo&state=www.imooc.com#wechat_redirect
Starting SellApplication on GH-PC with PID 5716 (D:\masterSpring\code\sell\target\classes started by GH in D:\masterSpring\code\sell)
No active profile set, falling back to default profiles: default
Refreshing org.springframework.boot.context.embedded.AnnotationConfigEmbeddedWebApplicationContext@2e005c4b: startup date [Wed Apr 11 09:57:41 CST 2018]; root of context hierarchy
HV000001: Hibernate Validator 5.3.6.Final
Bean 'org.springframework.transaction.annotation.ProxyTransactionManagementConfiguration' of type [org.springframework.transaction.annotation.ProxyTransactionManagementConfiguration$$EnhancerBySpringCGLIB$$123ea0a] is not eligible for getting processed by all BeanPostProcessors (for example: not eligible for auto-proxying)
Tomcat initialized with port(s): 8080 (http)
Starting service [Tomcat]
Starting Servlet Engine: Apache Tomcat/8.5.27
Initializing Spring embedded WebApplicationContext
Root WebApplicationContext: initialization completed in 1546 ms
Mapping servlet: 'dispatcherServlet' to [/]
Mapping filter: 'characterEncodingFilter' to: [/*]
Mapping filter: 'hiddenHttpMethodFilter' to: [/*]
Mapping filter: 'httpPutFormContentFilter' to: [/*]
Mapping filter: 'requestContextFilter' to: [/*]
Building JPA container EntityManagerFactory for persistence unit 'default'
HHH000204: Processing PersistenceUnitInfo [
	name: default
	...]
HHH000412: Hibernate Core {5.0.12.Final}
HHH000206: hibernate.properties not found
HHH000021: Bytecode provider name : javassist
HCANN000001: Hibernate Commons Annotations {5.0.1.Final}
HHH000400: Using dialect: org.hibernate.dialect.MySQL5Dialect
Initialized JPA EntityManagerFactory for persistence unit 'default'
Looking for @ControllerAdvice: org.springframework.boot.context.embedded.AnnotationConfigEmbeddedWebApplicationContext@2e005c4b: startup date [Wed Apr 11 09:57:41 CST 2018]; root of context hierarchy
Mapped "{[/buyer/order/create],methods=[POST]}" onto public com.imooc.VO.ResultVO<java.util.Map<java.lang.String, java.lang.String>> com.imooc.controller.BuyerOrderController.create(com.imooc.form.OrderForm,org.springframework.validation.BindingResult)
Mapped "{[/buyer/order/list],methods=[GET]}" onto public com.imooc.VO.ResultVO<java.util.List<com.imooc.dto.OrderDTO>> com.imooc.controller.BuyerOrderController.list(java.lang.String,java.lang.Integer,java.lang.Integer)
Mapped "{[/buyer/order/detail],methods=[GET]}" onto public com.imooc.VO.ResultVO<com.imooc.dto.OrderDTO> com.imooc.controller.BuyerOrderController.detail(java.lang.String,java.lang.String)
Mapped "{[/buyer/order/cancel],methods=[POST]}" onto public com.imooc.VO.ResultVO com.imooc.controller.BuyerOrderController.cancel(java.lang.String,java.lang.String)
Mapped "{[/buyer/product/list],methods=[GET]}" onto public com.imooc.VO.ResultVO com.imooc.controller.BuyerProductController.list()
Mapped "{[/wechat/userInfo],methods=[GET]}" onto public java.lang.String com.imooc.controller.WechatController.userinfo(java.lang.String,java.lang.String)
Mapped "{[/wechat/authorize],methods=[GET]}" onto public java.lang.String com.imooc.controller.WechatController.authorize(java.lang.String)
Mapped "{[/weixin/auth],methods=[GET]}" onto public void com.imooc.controller.WeixinController.auth(java.lang.String)
Mapped "{[/error]}" onto public org.springframework.http.ResponseEntity<java.util.Map<java.lang.String, java.lang.Object>> org.springframework.boot.autoconfigure.web.BasicErrorController.error(javax.servlet.http.HttpServletRequest)
Mapped "{[/error],produces=[text/html]}" onto public org.springframework.web.servlet.ModelAndView org.springframework.boot.autoconfigure.web.BasicErrorController.errorHtml(javax.servlet.http.HttpServletRequest,javax.servlet.http.HttpServletResponse)
Mapped URL path [/webjars/**] onto handler of type [class org.springframework.web.servlet.resource.ResourceHttpRequestHandler]
Mapped URL path [/**] onto handler of type [class org.springframework.web.servlet.resource.ResourceHttpRequestHandler]
Mapped URL path [/**/favicon.ico] onto handler of type [class org.springframework.web.servlet.resource.ResourceHttpRequestHandler]
Registering beans for JMX exposure on startup
Initializing ProtocolHandler ["http-nio-8080"]
Starting ProtocolHandler ["http-nio-8080"]
Using a shared selector for servlet write/read
Tomcat started on port(s): 8080 (http)
Started SellApplication in 4.542 seconds (JVM running for 7.487)
Initializing Spring FrameworkServlet 'dispatcherServlet'
FrameworkServlet 'dispatcherServlet': initialization started
FrameworkServlet 'dispatcherServlet': initialization completed in 23 ms
【微信网页授权】获取code,result=https://open.weixin.qq.com/connect/oauth2/authorize?appid=wx13f3127cf4b8d83b&redirect_uri=http%3A%2F%2Fsellshou.natapp1.cc%2Fsell%2Fwechat%2FuserInfo&response_type=code&scope=snsapi_userinfo&state=www.imooc.com#wechat_redirect
【微信网页授权】获取openID成功，openId=ovE4b06ml_FCeTejy7dn_EDnEr28
【微信网页授权】获取openID成功，openId=ovE4b06ml_FCeTejy7dn_EDnEr28
【微信网页授权】获取code,result=https://open.weixin.qq.com/connect/oauth2/authorize?appid=wx13f3127cf4b8d83b&redirect_uri=http%3A%2F%2Fsellshou.natapp1.cc%2Fsell%2Fwechat%2FuserInfo&response_type=code&scope=snsapi_userinfo&state=http%3A%2F%2Fwww.imooc.com#wechat_redirect
【微信网页授权】获取openID成功，openId=ovE4b06ml_FCeTejy7dn_EDnEr28
【微信网页授权】获取openID成功，openId=ovE4b06ml_FCeTejy7dn_EDnEr28
【微信网页授权】获取code,result=https://open.weixin.qq.com/connect/oauth2/authorize?appid=wx13f3127cf4b8d83b&redirect_uri=http%3A%2F%2Fsellshou.natapp1.cc%2Fsell%2Fwechat%2FuserInfo&response_type=code&scope=snsapi_userinfo&state=http%3A%2F%2Fwww.imooc.com#wechat_redirect
HHH000397: Using ASTQueryTranslatorFactory
Starting SellApplication on GH-PC with PID 7804 (D:\masterSpring\code\sell\target\classes started by GH in D:\masterSpring\code\sell)
No active profile set, falling back to default profiles: default
Refreshing org.springframework.boot.context.embedded.AnnotationConfigEmbeddedWebApplicationContext@2e005c4b: startup date [Wed Apr 11 10:40:54 CST 2018]; root of context hierarchy
HV000001: Hibernate Validator 5.3.6.Final
Bean 'org.springframework.transaction.annotation.ProxyTransactionManagementConfiguration' of type [org.springframework.transaction.annotation.ProxyTransactionManagementConfiguration$$EnhancerBySpringCGLIB$$de1588d7] is not eligible for getting processed by all BeanPostProcessors (for example: not eligible for auto-proxying)
Tomcat initialized with port(s): 8080 (http)
Starting service [Tomcat]
Starting Servlet Engine: Apache Tomcat/8.5.27
Initializing Spring embedded WebApplicationContext
Root WebApplicationContext: initialization completed in 1383 ms
Mapping servlet: 'dispatcherServlet' to [/]
Mapping filter: 'characterEncodingFilter' to: [/*]
Mapping filter: 'hiddenHttpMethodFilter' to: [/*]
Mapping filter: 'httpPutFormContentFilter' to: [/*]
Mapping filter: 'requestContextFilter' to: [/*]
Building JPA container EntityManagerFactory for persistence unit 'default'
HHH000204: Processing PersistenceUnitInfo [
	name: default
	...]
HHH000412: Hibernate Core {5.0.12.Final}
HHH000206: hibernate.properties not found
HHH000021: Bytecode provider name : javassist
HCANN000001: Hibernate Commons Annotations {5.0.1.Final}
HHH000400: Using dialect: org.hibernate.dialect.MySQL5Dialect
Initialized JPA EntityManagerFactory for persistence unit 'default'
Looking for @ControllerAdvice: org.springframework.boot.context.embedded.AnnotationConfigEmbeddedWebApplicationContext@2e005c4b: startup date [Wed Apr 11 10:40:54 CST 2018]; root of context hierarchy
Mapped "{[/buyer/order/create],methods=[POST]}" onto public com.imooc.VO.ResultVO<java.util.Map<java.lang.String, java.lang.String>> com.imooc.controller.BuyerOrderController.create(com.imooc.form.OrderForm,org.springframework.validation.BindingResult)
Mapped "{[/buyer/order/list],methods=[GET]}" onto public com.imooc.VO.ResultVO<java.util.List<com.imooc.dto.OrderDTO>> com.imooc.controller.BuyerOrderController.list(java.lang.String,java.lang.Integer,java.lang.Integer)
Mapped "{[/buyer/order/detail],methods=[GET]}" onto public com.imooc.VO.ResultVO<com.imooc.dto.OrderDTO> com.imooc.controller.BuyerOrderController.detail(java.lang.String,java.lang.String)
Mapped "{[/buyer/order/cancel],methods=[POST]}" onto public com.imooc.VO.ResultVO com.imooc.controller.BuyerOrderController.cancel(java.lang.String,java.lang.String)
Mapped "{[/buyer/product/list],methods=[GET]}" onto public com.imooc.VO.ResultVO com.imooc.controller.BuyerProductController.list()
Mapped "{[/wechat/userInfo],methods=[GET]}" onto public java.lang.String com.imooc.controller.WechatController.userinfo(java.lang.String,java.lang.String)
Mapped "{[/wechat/authorize],methods=[GET]}" onto public java.lang.String com.imooc.controller.WechatController.authorize(java.lang.String)
Mapped "{[/weixin/auth],methods=[GET]}" onto public void com.imooc.controller.WeixinController.auth(java.lang.String)
Mapped "{[/error]}" onto public org.springframework.http.ResponseEntity<java.util.Map<java.lang.String, java.lang.Object>> org.springframework.boot.autoconfigure.web.BasicErrorController.error(javax.servlet.http.HttpServletRequest)
Mapped "{[/error],produces=[text/html]}" onto public org.springframework.web.servlet.ModelAndView org.springframework.boot.autoconfigure.web.BasicErrorController.errorHtml(javax.servlet.http.HttpServletRequest,javax.servlet.http.HttpServletResponse)
Mapped URL path [/webjars/**] onto handler of type [class org.springframework.web.servlet.resource.ResourceHttpRequestHandler]
Mapped URL path [/**] onto handler of type [class org.springframework.web.servlet.resource.ResourceHttpRequestHandler]
Mapped URL path [/**/favicon.ico] onto handler of type [class org.springframework.web.servlet.resource.ResourceHttpRequestHandler]
Registering beans for JMX exposure on startup
Initializing ProtocolHandler ["http-nio-8080"]
Starting ProtocolHandler ["http-nio-8080"]
Using a shared selector for servlet write/read
Tomcat started on port(s): 8080 (http)
Started SellApplication in 4.243 seconds (JVM running for 7.407)
Initializing Spring FrameworkServlet 'dispatcherServlet'
FrameworkServlet 'dispatcherServlet': initialization started
FrameworkServlet 'dispatcherServlet': initialization completed in 69 ms
HHH000397: Using ASTQueryTranslatorFactory
【微信网页授权】获取code,result=https://open.weixin.qq.com/connect/oauth2/authorize?appid=wx13f3127cf4b8d83b&redirect_uri=http%3A%2F%2Fsellshou.natapp1.cc%2Fsell%2Fwechat%2FuserInfo&response_type=code&scope=snsapi_userinfo&state=http%3A%2F%2Fsell.com%2F%23%2F#wechat_redirect
【微信网页授权】获取code,result=https://open.weixin.qq.com/connect/oauth2/authorize?appid=wx13f3127cf4b8d83b&redirect_uri=http%3A%2F%2Fsellshou.natapp1.cc%2Fsell%2Fwechat%2FuserInfo&response_type=code&scope=snsapi_userinfo&state=http%3A%2F%2Fsell.com%2F%23%2F#wechat_redirect
【微信网页授权】获取openID成功，openId=ovE4b06ml_FCeTejy7dn_EDnEr28
【微信网页授权】获取openID成功，openId=ovE4b06ml_FCeTejy7dn_EDnEr28
【微信网页授权】获取code,result=https://open.weixin.qq.com/connect/oauth2/authorize?appid=wx13f3127cf4b8d83b&redirect_uri=http%3A%2F%2Fsellshou.natapp1.cc%2Fsell%2Fwechat%2FuserInfo&response_type=code&scope=snsapi_userinfo&state=http%3A%2F%2Fsell.com%2F%23%2F#wechat_redirect
