Starting SellApplication on GH-PC with PID 3808 (D:\masterSpring\code\sell\target\classes started by GH in D:\masterSpring\code\sell)
No active profile set, falling back to default profiles: default
Refreshing org.springframework.boot.context.embedded.AnnotationConfigEmbeddedWebApplicationContext@46944ca9: startup date [Thu Apr 12 13:08:04 CST 2018]; root of context hierarchy
HV000001: Hibernate Validator 5.3.6.Final
JSR-330 'javax.inject.Inject' annotation found and supported for autowiring
Bean 'org.springframework.transaction.annotation.ProxyTransactionManagementConfiguration' of type [org.springframework.transaction.annotation.ProxyTransactionManagementConfiguration$$EnhancerBySpringCGLIB$$ff48f257] is not eligible for getting processed by all BeanPostProcessors (for example: not eligible for auto-proxying)
Tomcat initialized with port(s): 8080 (http)
Starting service [Tomcat]
Starting Servlet Engine: Apache Tomcat/8.5.27
Initializing Spring embedded WebApplicationContext
Root WebApplicationContext: initialization completed in 6742 ms
Mapping servlet: 'dispatcherServlet' to [/]
Mapping filter: 'characterEncodingFilter' to: [/*]
Mapping filter: 'hiddenHttpMethodFilter' to: [/*]
Mapping filter: 'httpPutFormContentFilter' to: [/*]
Mapping filter: 'requestContextFilter' to: [/*]
Building JPA container EntityManagerFactory for persistence unit 'default'
HHH000204: Processing PersistenceUnitInfo [
	name: default
	...]
HHH000412: Hibernate Core {5.0.12.Final}
HHH000206: hibernate.properties not found
HHH000021: Bytecode provider name : javassist
HCANN000001: Hibernate Commons Annotations {5.0.1.Final}
HHH000400: Using dialect: org.hibernate.dialect.MySQL5Dialect
Initialized JPA EntityManagerFactory for persistence unit 'default'
Looking for @ControllerAdvice: org.springframework.boot.context.embedded.AnnotationConfigEmbeddedWebApplicationContext@46944ca9: startup date [Thu Apr 12 13:08:04 CST 2018]; root of context hierarchy
Mapped "{[/buyer/order/create],methods=[POST]}" onto public com.imooc.VO.ResultVO<java.util.Map<java.lang.String, java.lang.String>> com.imooc.controller.BuyerOrderController.create(com.imooc.form.OrderForm,org.springframework.validation.BindingResult)
Mapped "{[/buyer/order/list],methods=[GET]}" onto public com.imooc.VO.ResultVO<java.util.List<com.imooc.dto.OrderDTO>> com.imooc.controller.BuyerOrderController.list(java.lang.String,java.lang.Integer,java.lang.Integer)
Mapped "{[/buyer/order/detail],methods=[GET]}" onto public com.imooc.VO.ResultVO<com.imooc.dto.OrderDTO> com.imooc.controller.BuyerOrderController.detail(java.lang.String,java.lang.String)
Mapped "{[/buyer/order/cancel],methods=[POST]}" onto public com.imooc.VO.ResultVO com.imooc.controller.BuyerOrderController.cancel(java.lang.String,java.lang.String)
Mapped "{[/buyer/product/list],methods=[GET]}" onto public com.imooc.VO.ResultVO com.imooc.controller.BuyerProductController.list()
Mapped "{[/pay/create],methods=[GET]}" onto public void com.imooc.controller.PayController.create(java.lang.String,java.lang.String)
Mapped "{[/wechat/userInfo],methods=[GET]}" onto public java.lang.String com.imooc.controller.WechatController.userinfo(java.lang.String,java.lang.String)
Mapped "{[/wechat/authorize],methods=[GET]}" onto public java.lang.String com.imooc.controller.WechatController.authorize(java.lang.String)
Mapped "{[/weixin/auth],methods=[GET]}" onto public void com.imooc.controller.WeixinController.auth(java.lang.String)
Mapped "{[/error]}" onto public org.springframework.http.ResponseEntity<java.util.Map<java.lang.String, java.lang.Object>> org.springframework.boot.autoconfigure.web.BasicErrorController.error(javax.servlet.http.HttpServletRequest)
Mapped "{[/error],produces=[text/html]}" onto public org.springframework.web.servlet.ModelAndView org.springframework.boot.autoconfigure.web.BasicErrorController.errorHtml(javax.servlet.http.HttpServletRequest,javax.servlet.http.HttpServletResponse)
Mapped URL path [/webjars/**] onto handler of type [class org.springframework.web.servlet.resource.ResourceHttpRequestHandler]
Mapped URL path [/**] onto handler of type [class org.springframework.web.servlet.resource.ResourceHttpRequestHandler]
Mapped URL path [/**/favicon.ico] onto handler of type [class org.springframework.web.servlet.resource.ResourceHttpRequestHandler]
Registering beans for JMX exposure on startup
Initializing ProtocolHandler ["http-nio-8080"]
Starting ProtocolHandler ["http-nio-8080"]
Using a shared selector for servlet write/read
Tomcat started on port(s): 8080 (http)
Started SellApplication in 17.746 seconds (JVM running for 23.549)
Starting PayServiceImplTest on GH-PC with PID 7028 (started by GH in D:\masterSpring\code\sell)
No active profile set, falling back to default profiles: default
Refreshing org.springframework.web.context.support.GenericWebApplicationContext@15888343: startup date [Thu Apr 12 13:13:52 CST 2018]; root of context hierarchy
HV000001: Hibernate Validator 5.3.6.Final
JSR-330 'javax.inject.Inject' annotation found and supported for autowiring
Bean 'org.springframework.transaction.annotation.ProxyTransactionManagementConfiguration' of type [org.springframework.transaction.annotation.ProxyTransactionManagementConfiguration$$EnhancerBySpringCGLIB$$3eba981e] is not eligible for getting processed by all BeanPostProcessors (for example: not eligible for auto-proxying)
Building JPA container EntityManagerFactory for persistence unit 'default'
HHH000204: Processing PersistenceUnitInfo [
	name: default
	...]
HHH000412: Hibernate Core {5.0.12.Final}
HHH000206: hibernate.properties not found
HHH000021: Bytecode provider name : javassist
HCANN000001: Hibernate Commons Annotations {5.0.1.Final}
HHH000400: Using dialect: org.hibernate.dialect.MySQL5Dialect
Initialized JPA EntityManagerFactory for persistence unit 'default'
Looking for @ControllerAdvice: org.springframework.web.context.support.GenericWebApplicationContext@15888343: startup date [Thu Apr 12 13:13:52 CST 2018]; root of context hierarchy
Mapped "{[/buyer/order/create],methods=[POST]}" onto public com.imooc.VO.ResultVO<java.util.Map<java.lang.String, java.lang.String>> com.imooc.controller.BuyerOrderController.create(com.imooc.form.OrderForm,org.springframework.validation.BindingResult)
Mapped "{[/buyer/order/list],methods=[GET]}" onto public com.imooc.VO.ResultVO<java.util.List<com.imooc.dto.OrderDTO>> com.imooc.controller.BuyerOrderController.list(java.lang.String,java.lang.Integer,java.lang.Integer)
Mapped "{[/buyer/order/cancel],methods=[POST]}" onto public com.imooc.VO.ResultVO com.imooc.controller.BuyerOrderController.cancel(java.lang.String,java.lang.String)
Mapped "{[/buyer/order/detail],methods=[GET]}" onto public com.imooc.VO.ResultVO<com.imooc.dto.OrderDTO> com.imooc.controller.BuyerOrderController.detail(java.lang.String,java.lang.String)
Mapped "{[/buyer/product/list],methods=[GET]}" onto public com.imooc.VO.ResultVO com.imooc.controller.BuyerProductController.list()
Mapped "{[/pay/create],methods=[GET]}" onto public void com.imooc.controller.PayController.create(java.lang.String,java.lang.String)
Mapped "{[/wechat/userInfo],methods=[GET]}" onto public java.lang.String com.imooc.controller.WechatController.userinfo(java.lang.String,java.lang.String)
Mapped "{[/wechat/authorize],methods=[GET]}" onto public java.lang.String com.imooc.controller.WechatController.authorize(java.lang.String)
Mapped "{[/weixin/auth],methods=[GET]}" onto public void com.imooc.controller.WeixinController.auth(java.lang.String)
Mapped "{[/error]}" onto public org.springframework.http.ResponseEntity<java.util.Map<java.lang.String, java.lang.Object>> org.springframework.boot.autoconfigure.web.BasicErrorController.error(javax.servlet.http.HttpServletRequest)
Mapped "{[/error],produces=[text/html]}" onto public org.springframework.web.servlet.ModelAndView org.springframework.boot.autoconfigure.web.BasicErrorController.errorHtml(javax.servlet.http.HttpServletRequest,javax.servlet.http.HttpServletResponse)
Mapped URL path [/webjars/**] onto handler of type [class org.springframework.web.servlet.resource.ResourceHttpRequestHandler]
Mapped URL path [/**] onto handler of type [class org.springframework.web.servlet.resource.ResourceHttpRequestHandler]
Mapped URL path [/**/favicon.ico] onto handler of type [class org.springframework.web.servlet.resource.ResourceHttpRequestHandler]
Started PayServiceImplTest in 10.719 seconds (JVM running for 12.859)
Closing org.springframework.web.context.support.GenericWebApplicationContext@15888343: startup date [Thu Apr 12 13:13:52 CST 2018]; root of context hierarchy
Closing JPA EntityManagerFactory for persistence unit 'default'
Starting PayServiceImplTest on GH-PC with PID 3336 (started by GH in D:\masterSpring\code\sell)
No active profile set, falling back to default profiles: default
Refreshing org.springframework.web.context.support.GenericWebApplicationContext@3faf2e7d: startup date [Thu Apr 12 13:14:39 CST 2018]; root of context hierarchy
HV000001: Hibernate Validator 5.3.6.Final
JSR-330 'javax.inject.Inject' annotation found and supported for autowiring
Bean 'org.springframework.transaction.annotation.ProxyTransactionManagementConfiguration' of type [org.springframework.transaction.annotation.ProxyTransactionManagementConfiguration$$EnhancerBySpringCGLIB$$cf5baedf] is not eligible for getting processed by all BeanPostProcessors (for example: not eligible for auto-proxying)
Building JPA container EntityManagerFactory for persistence unit 'default'
HHH000204: Processing PersistenceUnitInfo [
	name: default
	...]
HHH000412: Hibernate Core {5.0.12.Final}
HHH000206: hibernate.properties not found
HHH000021: Bytecode provider name : javassist
HCANN000001: Hibernate Commons Annotations {5.0.1.Final}
HHH000400: Using dialect: org.hibernate.dialect.MySQL5Dialect
Initialized JPA EntityManagerFactory for persistence unit 'default'
Looking for @ControllerAdvice: org.springframework.web.context.support.GenericWebApplicationContext@3faf2e7d: startup date [Thu Apr 12 13:14:39 CST 2018]; root of context hierarchy
Mapped "{[/buyer/order/create],methods=[POST]}" onto public com.imooc.VO.ResultVO<java.util.Map<java.lang.String, java.lang.String>> com.imooc.controller.BuyerOrderController.create(com.imooc.form.OrderForm,org.springframework.validation.BindingResult)
Mapped "{[/buyer/order/list],methods=[GET]}" onto public com.imooc.VO.ResultVO<java.util.List<com.imooc.dto.OrderDTO>> com.imooc.controller.BuyerOrderController.list(java.lang.String,java.lang.Integer,java.lang.Integer)
Mapped "{[/buyer/order/cancel],methods=[POST]}" onto public com.imooc.VO.ResultVO com.imooc.controller.BuyerOrderController.cancel(java.lang.String,java.lang.String)
Mapped "{[/buyer/order/detail],methods=[GET]}" onto public com.imooc.VO.ResultVO<com.imooc.dto.OrderDTO> com.imooc.controller.BuyerOrderController.detail(java.lang.String,java.lang.String)
Mapped "{[/buyer/product/list],methods=[GET]}" onto public com.imooc.VO.ResultVO com.imooc.controller.BuyerProductController.list()
Mapped "{[/pay/create],methods=[GET]}" onto public void com.imooc.controller.PayController.create(java.lang.String,java.lang.String)
Mapped "{[/wechat/authorize],methods=[GET]}" onto public java.lang.String com.imooc.controller.WechatController.authorize(java.lang.String)
Mapped "{[/wechat/userInfo],methods=[GET]}" onto public java.lang.String com.imooc.controller.WechatController.userinfo(java.lang.String,java.lang.String)
Mapped "{[/weixin/auth],methods=[GET]}" onto public void com.imooc.controller.WeixinController.auth(java.lang.String)
Mapped "{[/error]}" onto public org.springframework.http.ResponseEntity<java.util.Map<java.lang.String, java.lang.Object>> org.springframework.boot.autoconfigure.web.BasicErrorController.error(javax.servlet.http.HttpServletRequest)
Mapped "{[/error],produces=[text/html]}" onto public org.springframework.web.servlet.ModelAndView org.springframework.boot.autoconfigure.web.BasicErrorController.errorHtml(javax.servlet.http.HttpServletRequest,javax.servlet.http.HttpServletResponse)
Mapped URL path [/webjars/**] onto handler of type [class org.springframework.web.servlet.resource.ResourceHttpRequestHandler]
Mapped URL path [/**] onto handler of type [class org.springframework.web.servlet.resource.ResourceHttpRequestHandler]
Mapped URL path [/**/favicon.ico] onto handler of type [class org.springframework.web.servlet.resource.ResourceHttpRequestHandler]
Started PayServiceImplTest in 10.183 seconds (JVM running for 12.114)
Closing org.springframework.web.context.support.GenericWebApplicationContext@3faf2e7d: startup date [Thu Apr 12 13:14:39 CST 2018]; root of context hierarchy
Closing JPA EntityManagerFactory for persistence unit 'default'
Starting PayServiceImplTest on GH-PC with PID 5236 (started by GH in D:\masterSpring\code\sell)
No active profile set, falling back to default profiles: default
Refreshing org.springframework.web.context.support.GenericWebApplicationContext@3faf2e7d: startup date [Thu Apr 12 13:19:11 CST 2018]; root of context hierarchy
HV000001: Hibernate Validator 5.3.6.Final
JSR-330 'javax.inject.Inject' annotation found and supported for autowiring
Bean 'org.springframework.transaction.annotation.ProxyTransactionManagementConfiguration' of type [org.springframework.transaction.annotation.ProxyTransactionManagementConfiguration$$EnhancerBySpringCGLIB$$a6949e9d] is not eligible for getting processed by all BeanPostProcessors (for example: not eligible for auto-proxying)
Building JPA container EntityManagerFactory for persistence unit 'default'
HHH000204: Processing PersistenceUnitInfo [
	name: default
	...]
HHH000412: Hibernate Core {5.0.12.Final}
HHH000206: hibernate.properties not found
HHH000021: Bytecode provider name : javassist
HCANN000001: Hibernate Commons Annotations {5.0.1.Final}
HHH000400: Using dialect: org.hibernate.dialect.MySQL5Dialect
Initialized JPA EntityManagerFactory for persistence unit 'default'
Looking for @ControllerAdvice: org.springframework.web.context.support.GenericWebApplicationContext@3faf2e7d: startup date [Thu Apr 12 13:19:11 CST 2018]; root of context hierarchy
Mapped "{[/buyer/order/create],methods=[POST]}" onto public com.imooc.VO.ResultVO<java.util.Map<java.lang.String, java.lang.String>> com.imooc.controller.BuyerOrderController.create(com.imooc.form.OrderForm,org.springframework.validation.BindingResult)
Mapped "{[/buyer/order/list],methods=[GET]}" onto public com.imooc.VO.ResultVO<java.util.List<com.imooc.dto.OrderDTO>> com.imooc.controller.BuyerOrderController.list(java.lang.String,java.lang.Integer,java.lang.Integer)
Mapped "{[/buyer/order/cancel],methods=[POST]}" onto public com.imooc.VO.ResultVO com.imooc.controller.BuyerOrderController.cancel(java.lang.String,java.lang.String)
Mapped "{[/buyer/order/detail],methods=[GET]}" onto public com.imooc.VO.ResultVO<com.imooc.dto.OrderDTO> com.imooc.controller.BuyerOrderController.detail(java.lang.String,java.lang.String)
Mapped "{[/buyer/product/list],methods=[GET]}" onto public com.imooc.VO.ResultVO com.imooc.controller.BuyerProductController.list()
Mapped "{[/pay/create],methods=[GET]}" onto public void com.imooc.controller.PayController.create(java.lang.String,java.lang.String)
Mapped "{[/wechat/userInfo],methods=[GET]}" onto public java.lang.String com.imooc.controller.WechatController.userinfo(java.lang.String,java.lang.String)
Mapped "{[/wechat/authorize],methods=[GET]}" onto public java.lang.String com.imooc.controller.WechatController.authorize(java.lang.String)
Mapped "{[/weixin/auth],methods=[GET]}" onto public void com.imooc.controller.WeixinController.auth(java.lang.String)
Mapped "{[/error]}" onto public org.springframework.http.ResponseEntity<java.util.Map<java.lang.String, java.lang.Object>> org.springframework.boot.autoconfigure.web.BasicErrorController.error(javax.servlet.http.HttpServletRequest)
Mapped "{[/error],produces=[text/html]}" onto public org.springframework.web.servlet.ModelAndView org.springframework.boot.autoconfigure.web.BasicErrorController.errorHtml(javax.servlet.http.HttpServletRequest,javax.servlet.http.HttpServletResponse)
Mapped URL path [/webjars/**] onto handler of type [class org.springframework.web.servlet.resource.ResourceHttpRequestHandler]
Mapped URL path [/**] onto handler of type [class org.springframework.web.servlet.resource.ResourceHttpRequestHandler]
Mapped URL path [/**/favicon.ico] onto handler of type [class org.springframework.web.servlet.resource.ResourceHttpRequestHandler]
Started PayServiceImplTest in 11.456 seconds (JVM running for 13.507)
Closing org.springframework.web.context.support.GenericWebApplicationContext@3faf2e7d: startup date [Thu Apr 12 13:19:11 CST 2018]; root of context hierarchy
Closing JPA EntityManagerFactory for persistence unit 'default'
Starting PayServiceImplTest on GH-PC with PID 6516 (started by GH in D:\masterSpring\code\sell)
No active profile set, falling back to default profiles: default
Refreshing org.springframework.web.context.support.GenericWebApplicationContext@4648ce9: startup date [Thu Apr 12 13:32:54 CST 2018]; root of context hierarchy
HV000001: Hibernate Validator 5.3.6.Final
JSR-330 'javax.inject.Inject' annotation found and supported for autowiring
Bean 'org.springframework.transaction.annotation.ProxyTransactionManagementConfiguration' of type [org.springframework.transaction.annotation.ProxyTransactionManagementConfiguration$$EnhancerBySpringCGLIB$$345504ac] is not eligible for getting processed by all BeanPostProcessors (for example: not eligible for auto-proxying)
Building JPA container EntityManagerFactory for persistence unit 'default'
HHH000204: Processing PersistenceUnitInfo [
	name: default
	...]
HHH000412: Hibernate Core {5.0.12.Final}
HHH000206: hibernate.properties not found
HHH000021: Bytecode provider name : javassist
HCANN000001: Hibernate Commons Annotations {5.0.1.Final}
HHH000400: Using dialect: org.hibernate.dialect.MySQL5Dialect
Initialized JPA EntityManagerFactory for persistence unit 'default'
Looking for @ControllerAdvice: org.springframework.web.context.support.GenericWebApplicationContext@4648ce9: startup date [Thu Apr 12 13:32:54 CST 2018]; root of context hierarchy
Mapped "{[/buyer/order/create],methods=[POST]}" onto public com.imooc.VO.ResultVO<java.util.Map<java.lang.String, java.lang.String>> com.imooc.controller.BuyerOrderController.create(com.imooc.form.OrderForm,org.springframework.validation.BindingResult)
Mapped "{[/buyer/order/list],methods=[GET]}" onto public com.imooc.VO.ResultVO<java.util.List<com.imooc.dto.OrderDTO>> com.imooc.controller.BuyerOrderController.list(java.lang.String,java.lang.Integer,java.lang.Integer)
Mapped "{[/buyer/order/cancel],methods=[POST]}" onto public com.imooc.VO.ResultVO com.imooc.controller.BuyerOrderController.cancel(java.lang.String,java.lang.String)
Mapped "{[/buyer/order/detail],methods=[GET]}" onto public com.imooc.VO.ResultVO<com.imooc.dto.OrderDTO> com.imooc.controller.BuyerOrderController.detail(java.lang.String,java.lang.String)
Mapped "{[/buyer/product/list],methods=[GET]}" onto public com.imooc.VO.ResultVO com.imooc.controller.BuyerProductController.list()
Mapped "{[/pay/create],methods=[GET]}" onto public void com.imooc.controller.PayController.create(java.lang.String,java.lang.String)
Mapped "{[/wechat/userInfo],methods=[GET]}" onto public java.lang.String com.imooc.controller.WechatController.userinfo(java.lang.String,java.lang.String)
Mapped "{[/wechat/authorize],methods=[GET]}" onto public java.lang.String com.imooc.controller.WechatController.authorize(java.lang.String)
Mapped "{[/weixin/auth],methods=[GET]}" onto public void com.imooc.controller.WeixinController.auth(java.lang.String)
Mapped "{[/error]}" onto public org.springframework.http.ResponseEntity<java.util.Map<java.lang.String, java.lang.Object>> org.springframework.boot.autoconfigure.web.BasicErrorController.error(javax.servlet.http.HttpServletRequest)
Mapped "{[/error],produces=[text/html]}" onto public org.springframework.web.servlet.ModelAndView org.springframework.boot.autoconfigure.web.BasicErrorController.errorHtml(javax.servlet.http.HttpServletRequest,javax.servlet.http.HttpServletResponse)
Mapped URL path [/webjars/**] onto handler of type [class org.springframework.web.servlet.resource.ResourceHttpRequestHandler]
Mapped URL path [/**] onto handler of type [class org.springframework.web.servlet.resource.ResourceHttpRequestHandler]
Mapped URL path [/**/favicon.ico] onto handler of type [class org.springframework.web.servlet.resource.ResourceHttpRequestHandler]
Started PayServiceImplTest in 9.965 seconds (JVM running for 11.78)
HHH000397: Using ASTQueryTranslatorFactory
【微信支付】request=PayRequest(payTypeEnum=WXPAY_H5, orderId=1523238778830462700, orderAmount=3.0, orderName=微信点餐订单, openid=1101110)
Starting PayServiceImplTest on GH-PC with PID 5456 (started by GH in D:\masterSpring\code\sell)
No active profile set, falling back to default profiles: default
Refreshing org.springframework.web.context.support.GenericWebApplicationContext@569bf9eb: startup date [Thu Apr 12 13:35:25 CST 2018]; root of context hierarchy
HV000001: Hibernate Validator 5.3.6.Final
JSR-330 'javax.inject.Inject' annotation found and supported for autowiring
Bean 'org.springframework.transaction.annotation.ProxyTransactionManagementConfiguration' of type [org.springframework.transaction.annotation.ProxyTransactionManagementConfiguration$$EnhancerBySpringCGLIB$$cba36278] is not eligible for getting processed by all BeanPostProcessors (for example: not eligible for auto-proxying)
Building JPA container EntityManagerFactory for persistence unit 'default'
HHH000204: Processing PersistenceUnitInfo [
	name: default
	...]
HHH000412: Hibernate Core {5.0.12.Final}
HHH000206: hibernate.properties not found
HHH000021: Bytecode provider name : javassist
HCANN000001: Hibernate Commons Annotations {5.0.1.Final}
HHH000400: Using dialect: org.hibernate.dialect.MySQL5Dialect
Initialized JPA EntityManagerFactory for persistence unit 'default'
Looking for @ControllerAdvice: org.springframework.web.context.support.GenericWebApplicationContext@569bf9eb: startup date [Thu Apr 12 13:35:25 CST 2018]; root of context hierarchy
Mapped "{[/buyer/order/create],methods=[POST]}" onto public com.imooc.VO.ResultVO<java.util.Map<java.lang.String, java.lang.String>> com.imooc.controller.BuyerOrderController.create(com.imooc.form.OrderForm,org.springframework.validation.BindingResult)
Mapped "{[/buyer/order/list],methods=[GET]}" onto public com.imooc.VO.ResultVO<java.util.List<com.imooc.dto.OrderDTO>> com.imooc.controller.BuyerOrderController.list(java.lang.String,java.lang.Integer,java.lang.Integer)
Mapped "{[/buyer/order/cancel],methods=[POST]}" onto public com.imooc.VO.ResultVO com.imooc.controller.BuyerOrderController.cancel(java.lang.String,java.lang.String)
Mapped "{[/buyer/order/detail],methods=[GET]}" onto public com.imooc.VO.ResultVO<com.imooc.dto.OrderDTO> com.imooc.controller.BuyerOrderController.detail(java.lang.String,java.lang.String)
Mapped "{[/buyer/product/list],methods=[GET]}" onto public com.imooc.VO.ResultVO com.imooc.controller.BuyerProductController.list()
Mapped "{[/pay/create],methods=[GET]}" onto public void com.imooc.controller.PayController.create(java.lang.String,java.lang.String)
Mapped "{[/wechat/userInfo],methods=[GET]}" onto public java.lang.String com.imooc.controller.WechatController.userinfo(java.lang.String,java.lang.String)
Mapped "{[/wechat/authorize],methods=[GET]}" onto public java.lang.String com.imooc.controller.WechatController.authorize(java.lang.String)
Mapped "{[/weixin/auth],methods=[GET]}" onto public void com.imooc.controller.WeixinController.auth(java.lang.String)
Mapped "{[/error]}" onto public org.springframework.http.ResponseEntity<java.util.Map<java.lang.String, java.lang.Object>> org.springframework.boot.autoconfigure.web.BasicErrorController.error(javax.servlet.http.HttpServletRequest)
Mapped "{[/error],produces=[text/html]}" onto public org.springframework.web.servlet.ModelAndView org.springframework.boot.autoconfigure.web.BasicErrorController.errorHtml(javax.servlet.http.HttpServletRequest,javax.servlet.http.HttpServletResponse)
Mapped URL path [/webjars/**] onto handler of type [class org.springframework.web.servlet.resource.ResourceHttpRequestHandler]
Mapped URL path [/**] onto handler of type [class org.springframework.web.servlet.resource.ResourceHttpRequestHandler]
Mapped URL path [/**/favicon.ico] onto handler of type [class org.springframework.web.servlet.resource.ResourceHttpRequestHandler]
Started PayServiceImplTest in 10.289 seconds (JVM running for 12.04)
HHH000397: Using ASTQueryTranslatorFactory
【微信支付】request=PayRequest(payTypeEnum=WXPAY_H5, orderId=1523238778830462700, orderAmount=3.0, orderName=微信点餐订单, openid=1101110)
Starting PayServiceImplTest on GH-PC with PID 1268 (started by GH in D:\masterSpring\code\sell)
No active profile set, falling back to default profiles: default
Refreshing org.springframework.web.context.support.GenericWebApplicationContext@4648ce9: startup date [Thu Apr 12 13:36:10 CST 2018]; root of context hierarchy
HV000001: Hibernate Validator 5.3.6.Final
JSR-330 'javax.inject.Inject' annotation found and supported for autowiring
Bean 'org.springframework.transaction.annotation.ProxyTransactionManagementConfiguration' of type [org.springframework.transaction.annotation.ProxyTransactionManagementConfiguration$$EnhancerBySpringCGLIB$$ae4db88a] is not eligible for getting processed by all BeanPostProcessors (for example: not eligible for auto-proxying)
Building JPA container EntityManagerFactory for persistence unit 'default'
HHH000204: Processing PersistenceUnitInfo [
	name: default
	...]
HHH000412: Hibernate Core {5.0.12.Final}
HHH000206: hibernate.properties not found
HHH000021: Bytecode provider name : javassist
HCANN000001: Hibernate Commons Annotations {5.0.1.Final}
HHH000400: Using dialect: org.hibernate.dialect.MySQL5Dialect
Initialized JPA EntityManagerFactory for persistence unit 'default'
Looking for @ControllerAdvice: org.springframework.web.context.support.GenericWebApplicationContext@4648ce9: startup date [Thu Apr 12 13:36:10 CST 2018]; root of context hierarchy
Mapped "{[/buyer/order/create],methods=[POST]}" onto public com.imooc.VO.ResultVO<java.util.Map<java.lang.String, java.lang.String>> com.imooc.controller.BuyerOrderController.create(com.imooc.form.OrderForm,org.springframework.validation.BindingResult)
Mapped "{[/buyer/order/list],methods=[GET]}" onto public com.imooc.VO.ResultVO<java.util.List<com.imooc.dto.OrderDTO>> com.imooc.controller.BuyerOrderController.list(java.lang.String,java.lang.Integer,java.lang.Integer)
Mapped "{[/buyer/order/cancel],methods=[POST]}" onto public com.imooc.VO.ResultVO com.imooc.controller.BuyerOrderController.cancel(java.lang.String,java.lang.String)
Mapped "{[/buyer/order/detail],methods=[GET]}" onto public com.imooc.VO.ResultVO<com.imooc.dto.OrderDTO> com.imooc.controller.BuyerOrderController.detail(java.lang.String,java.lang.String)
Mapped "{[/buyer/product/list],methods=[GET]}" onto public com.imooc.VO.ResultVO com.imooc.controller.BuyerProductController.list()
Mapped "{[/pay/create],methods=[GET]}" onto public void com.imooc.controller.PayController.create(java.lang.String,java.lang.String)
Mapped "{[/wechat/authorize],methods=[GET]}" onto public java.lang.String com.imooc.controller.WechatController.authorize(java.lang.String)
Mapped "{[/wechat/userInfo],methods=[GET]}" onto public java.lang.String com.imooc.controller.WechatController.userinfo(java.lang.String,java.lang.String)
Mapped "{[/weixin/auth],methods=[GET]}" onto public void com.imooc.controller.WeixinController.auth(java.lang.String)
Mapped "{[/error]}" onto public org.springframework.http.ResponseEntity<java.util.Map<java.lang.String, java.lang.Object>> org.springframework.boot.autoconfigure.web.BasicErrorController.error(javax.servlet.http.HttpServletRequest)
Mapped "{[/error],produces=[text/html]}" onto public org.springframework.web.servlet.ModelAndView org.springframework.boot.autoconfigure.web.BasicErrorController.errorHtml(javax.servlet.http.HttpServletRequest,javax.servlet.http.HttpServletResponse)
Mapped URL path [/webjars/**] onto handler of type [class org.springframework.web.servlet.resource.ResourceHttpRequestHandler]
Mapped URL path [/**] onto handler of type [class org.springframework.web.servlet.resource.ResourceHttpRequestHandler]
Mapped URL path [/**/favicon.ico] onto handler of type [class org.springframework.web.servlet.resource.ResourceHttpRequestHandler]
Started PayServiceImplTest in 9.652 seconds (JVM running for 11.49)
HHH000397: Using ASTQueryTranslatorFactory
【微信支付】request=PayRequest(payTypeEnum=WXPAY_H5, orderId=1523238778830462700, orderAmount=3.0, orderName=微信点餐订单, openid=1101110)
Closing org.springframework.web.context.support.GenericWebApplicationContext@4648ce9: startup date [Thu Apr 12 13:36:10 CST 2018]; root of context hierarchy
Closing JPA EntityManagerFactory for persistence unit 'default'
Starting PayServiceImplTest on GH-PC with PID 6876 (started by GH in D:\masterSpring\code\sell)
No active profile set, falling back to default profiles: default
Refreshing org.springframework.web.context.support.GenericWebApplicationContext@61526469: startup date [Thu Apr 12 13:40:56 CST 2018]; root of context hierarchy
HV000001: Hibernate Validator 5.3.6.Final
JSR-330 'javax.inject.Inject' annotation found and supported for autowiring
Bean 'org.springframework.transaction.annotation.ProxyTransactionManagementConfiguration' of type [org.springframework.transaction.annotation.ProxyTransactionManagementConfiguration$$EnhancerBySpringCGLIB$$954c8ee] is not eligible for getting processed by all BeanPostProcessors (for example: not eligible for auto-proxying)
Building JPA container EntityManagerFactory for persistence unit 'default'
HHH000204: Processing PersistenceUnitInfo [
	name: default
	...]
HHH000412: Hibernate Core {5.0.12.Final}
HHH000206: hibernate.properties not found
HHH000021: Bytecode provider name : javassist
HCANN000001: Hibernate Commons Annotations {5.0.1.Final}
HHH000400: Using dialect: org.hibernate.dialect.MySQL5Dialect
Initialized JPA EntityManagerFactory for persistence unit 'default'
Looking for @ControllerAdvice: org.springframework.web.context.support.GenericWebApplicationContext@61526469: startup date [Thu Apr 12 13:40:56 CST 2018]; root of context hierarchy
Mapped "{[/buyer/order/create],methods=[POST]}" onto public com.imooc.VO.ResultVO<java.util.Map<java.lang.String, java.lang.String>> com.imooc.controller.BuyerOrderController.create(com.imooc.form.OrderForm,org.springframework.validation.BindingResult)
Mapped "{[/buyer/order/list],methods=[GET]}" onto public com.imooc.VO.ResultVO<java.util.List<com.imooc.dto.OrderDTO>> com.imooc.controller.BuyerOrderController.list(java.lang.String,java.lang.Integer,java.lang.Integer)
Mapped "{[/buyer/order/cancel],methods=[POST]}" onto public com.imooc.VO.ResultVO com.imooc.controller.BuyerOrderController.cancel(java.lang.String,java.lang.String)
Mapped "{[/buyer/order/detail],methods=[GET]}" onto public com.imooc.VO.ResultVO<com.imooc.dto.OrderDTO> com.imooc.controller.BuyerOrderController.detail(java.lang.String,java.lang.String)
Mapped "{[/buyer/product/list],methods=[GET]}" onto public com.imooc.VO.ResultVO com.imooc.controller.BuyerProductController.list()
Mapped "{[/pay/create],methods=[GET]}" onto public void com.imooc.controller.PayController.create(java.lang.String,java.lang.String)
Mapped "{[/wechat/authorize],methods=[GET]}" onto public java.lang.String com.imooc.controller.WechatController.authorize(java.lang.String)
Mapped "{[/wechat/userInfo],methods=[GET]}" onto public java.lang.String com.imooc.controller.WechatController.userinfo(java.lang.String,java.lang.String)
Mapped "{[/weixin/auth],methods=[GET]}" onto public void com.imooc.controller.WeixinController.auth(java.lang.String)
Mapped "{[/error]}" onto public org.springframework.http.ResponseEntity<java.util.Map<java.lang.String, java.lang.Object>> org.springframework.boot.autoconfigure.web.BasicErrorController.error(javax.servlet.http.HttpServletRequest)
Mapped "{[/error],produces=[text/html]}" onto public org.springframework.web.servlet.ModelAndView org.springframework.boot.autoconfigure.web.BasicErrorController.errorHtml(javax.servlet.http.HttpServletRequest,javax.servlet.http.HttpServletResponse)
Mapped URL path [/webjars/**] onto handler of type [class org.springframework.web.servlet.resource.ResourceHttpRequestHandler]
Mapped URL path [/**] onto handler of type [class org.springframework.web.servlet.resource.ResourceHttpRequestHandler]
Mapped URL path [/**/favicon.ico] onto handler of type [class org.springframework.web.servlet.resource.ResourceHttpRequestHandler]
Started PayServiceImplTest in 10.389 seconds (JVM running for 12.165)
HHH000397: Using ASTQueryTranslatorFactory
【微信支付】request=PayRequest(payTypeEnum=WXPAY_H5, orderId=1523238778830462700, orderAmount=3.0, orderName=微信点餐订单, openid=1101110)
Closing org.springframework.web.context.support.GenericWebApplicationContext@61526469: startup date [Thu Apr 12 13:40:56 CST 2018]; root of context hierarchy
Closing JPA EntityManagerFactory for persistence unit 'default'
Starting PayServiceImplTest on GH-PC with PID 5512 (started by GH in D:\masterSpring\code\sell)
No active profile set, falling back to default profiles: default
Refreshing org.springframework.web.context.support.GenericWebApplicationContext@4648ce9: startup date [Thu Apr 12 13:49:50 CST 2018]; root of context hierarchy
HV000001: Hibernate Validator 5.3.6.Final
JSR-330 'javax.inject.Inject' annotation found and supported for autowiring
Bean 'org.springframework.transaction.annotation.ProxyTransactionManagementConfiguration' of type [org.springframework.transaction.annotation.ProxyTransactionManagementConfiguration$$EnhancerBySpringCGLIB$$bde4a2fa] is not eligible for getting processed by all BeanPostProcessors (for example: not eligible for auto-proxying)
Building JPA container EntityManagerFactory for persistence unit 'default'
HHH000204: Processing PersistenceUnitInfo [
	name: default
	...]
HHH000412: Hibernate Core {5.0.12.Final}
HHH000206: hibernate.properties not found
HHH000021: Bytecode provider name : javassist
HCANN000001: Hibernate Commons Annotations {5.0.1.Final}
HHH000400: Using dialect: org.hibernate.dialect.MySQL5Dialect
Initialized JPA EntityManagerFactory for persistence unit 'default'
Looking for @ControllerAdvice: org.springframework.web.context.support.GenericWebApplicationContext@4648ce9: startup date [Thu Apr 12 13:49:50 CST 2018]; root of context hierarchy
Mapped "{[/buyer/order/create],methods=[POST]}" onto public com.imooc.VO.ResultVO<java.util.Map<java.lang.String, java.lang.String>> com.imooc.controller.BuyerOrderController.create(com.imooc.form.OrderForm,org.springframework.validation.BindingResult)
Mapped "{[/buyer/order/list],methods=[GET]}" onto public com.imooc.VO.ResultVO<java.util.List<com.imooc.dto.OrderDTO>> com.imooc.controller.BuyerOrderController.list(java.lang.String,java.lang.Integer,java.lang.Integer)
Mapped "{[/buyer/order/cancel],methods=[POST]}" onto public com.imooc.VO.ResultVO com.imooc.controller.BuyerOrderController.cancel(java.lang.String,java.lang.String)
Mapped "{[/buyer/order/detail],methods=[GET]}" onto public com.imooc.VO.ResultVO<com.imooc.dto.OrderDTO> com.imooc.controller.BuyerOrderController.detail(java.lang.String,java.lang.String)
Mapped "{[/buyer/product/list],methods=[GET]}" onto public com.imooc.VO.ResultVO com.imooc.controller.BuyerProductController.list()
Mapped "{[/pay/create],methods=[GET]}" onto public void com.imooc.controller.PayController.create(java.lang.String,java.lang.String)
Mapped "{[/wechat/userInfo],methods=[GET]}" onto public java.lang.String com.imooc.controller.WechatController.userinfo(java.lang.String,java.lang.String)
Mapped "{[/wechat/authorize],methods=[GET]}" onto public java.lang.String com.imooc.controller.WechatController.authorize(java.lang.String)
Mapped "{[/weixin/auth],methods=[GET]}" onto public void com.imooc.controller.WeixinController.auth(java.lang.String)
Mapped "{[/error]}" onto public org.springframework.http.ResponseEntity<java.util.Map<java.lang.String, java.lang.Object>> org.springframework.boot.autoconfigure.web.BasicErrorController.error(javax.servlet.http.HttpServletRequest)
Mapped "{[/error],produces=[text/html]}" onto public org.springframework.web.servlet.ModelAndView org.springframework.boot.autoconfigure.web.BasicErrorController.errorHtml(javax.servlet.http.HttpServletRequest,javax.servlet.http.HttpServletResponse)
Mapped URL path [/webjars/**] onto handler of type [class org.springframework.web.servlet.resource.ResourceHttpRequestHandler]
Mapped URL path [/**] onto handler of type [class org.springframework.web.servlet.resource.ResourceHttpRequestHandler]
Mapped URL path [/**/favicon.ico] onto handler of type [class org.springframework.web.servlet.resource.ResourceHttpRequestHandler]
Started PayServiceImplTest in 9.613 seconds (JVM running for 11.295)
HHH000397: Using ASTQueryTranslatorFactory
【微信支付】request=PayRequest(payTypeEnum=WXPAY_H5, orderId=1523286633721590160, orderAmount=3.0, orderName=微信点餐订单, openid="ew3euwhd7sjw9diwkq")
Closing org.springframework.web.context.support.GenericWebApplicationContext@4648ce9: startup date [Thu Apr 12 13:49:50 CST 2018]; root of context hierarchy
Closing JPA EntityManagerFactory for persistence unit 'default'
Starting PayServiceImplTest on GH-PC with PID 3436 (started by GH in D:\masterSpring\code\sell)
No active profile set, falling back to default profiles: default
Refreshing org.springframework.web.context.support.GenericWebApplicationContext@4648ce9: startup date [Thu Apr 12 13:56:28 CST 2018]; root of context hierarchy
HV000001: Hibernate Validator 5.3.6.Final
JSR-330 'javax.inject.Inject' annotation found and supported for autowiring
Bean 'org.springframework.transaction.annotation.ProxyTransactionManagementConfiguration' of type [org.springframework.transaction.annotation.ProxyTransactionManagementConfiguration$$EnhancerBySpringCGLIB$$791b0d2] is not eligible for getting processed by all BeanPostProcessors (for example: not eligible for auto-proxying)
Building JPA container EntityManagerFactory for persistence unit 'default'
HHH000204: Processing PersistenceUnitInfo [
	name: default
	...]
HHH000412: Hibernate Core {5.0.12.Final}
HHH000206: hibernate.properties not found
HHH000021: Bytecode provider name : javassist
HCANN000001: Hibernate Commons Annotations {5.0.1.Final}
HHH000400: Using dialect: org.hibernate.dialect.MySQL5Dialect
Initialized JPA EntityManagerFactory for persistence unit 'default'
Looking for @ControllerAdvice: org.springframework.web.context.support.GenericWebApplicationContext@4648ce9: startup date [Thu Apr 12 13:56:28 CST 2018]; root of context hierarchy
Mapped "{[/buyer/order/create],methods=[POST]}" onto public com.imooc.VO.ResultVO<java.util.Map<java.lang.String, java.lang.String>> com.imooc.controller.BuyerOrderController.create(com.imooc.form.OrderForm,org.springframework.validation.BindingResult)
Mapped "{[/buyer/order/list],methods=[GET]}" onto public com.imooc.VO.ResultVO<java.util.List<com.imooc.dto.OrderDTO>> com.imooc.controller.BuyerOrderController.list(java.lang.String,java.lang.Integer,java.lang.Integer)
Mapped "{[/buyer/order/cancel],methods=[POST]}" onto public com.imooc.VO.ResultVO com.imooc.controller.BuyerOrderController.cancel(java.lang.String,java.lang.String)
Mapped "{[/buyer/order/detail],methods=[GET]}" onto public com.imooc.VO.ResultVO<com.imooc.dto.OrderDTO> com.imooc.controller.BuyerOrderController.detail(java.lang.String,java.lang.String)
Mapped "{[/buyer/product/list],methods=[GET]}" onto public com.imooc.VO.ResultVO com.imooc.controller.BuyerProductController.list()
Mapped "{[/pay/create],methods=[GET]}" onto public void com.imooc.controller.PayController.create(java.lang.String,java.lang.String)
Mapped "{[/wechat/userInfo],methods=[GET]}" onto public java.lang.String com.imooc.controller.WechatController.userinfo(java.lang.String,java.lang.String)
Mapped "{[/wechat/authorize],methods=[GET]}" onto public java.lang.String com.imooc.controller.WechatController.authorize(java.lang.String)
Mapped "{[/weixin/auth],methods=[GET]}" onto public void com.imooc.controller.WeixinController.auth(java.lang.String)
Mapped "{[/error]}" onto public org.springframework.http.ResponseEntity<java.util.Map<java.lang.String, java.lang.Object>> org.springframework.boot.autoconfigure.web.BasicErrorController.error(javax.servlet.http.HttpServletRequest)
Mapped "{[/error],produces=[text/html]}" onto public org.springframework.web.servlet.ModelAndView org.springframework.boot.autoconfigure.web.BasicErrorController.errorHtml(javax.servlet.http.HttpServletRequest,javax.servlet.http.HttpServletResponse)
Mapped URL path [/webjars/**] onto handler of type [class org.springframework.web.servlet.resource.ResourceHttpRequestHandler]
Mapped URL path [/**] onto handler of type [class org.springframework.web.servlet.resource.ResourceHttpRequestHandler]
Mapped URL path [/**/favicon.ico] onto handler of type [class org.springframework.web.servlet.resource.ResourceHttpRequestHandler]
Started PayServiceImplTest in 10.621 seconds (JVM running for 12.302)
HHH000397: Using ASTQueryTranslatorFactory
【微信支付】request=PayRequest(payTypeEnum=WXPAY_H5, orderId=1523286633721590160, orderAmount=3.0, orderName=微信点餐订单, openid=oTgZpwWcdQyNK05_AyRv_zgWAZ9E)
【微信支付】response=PayResponse(prePayParams=null, payUri=null, appId=wxd898fcb01713c658, timeStamp=1523512599, nonceStr=lCIWRVtDAOk8R1CO, packAge=prepay_id=wx121356392421107fe95af38e3936046258, signType=MD5, paySign=058A40A347D7A96CDFC8DBB57319FEDF, orderAmount=null, orderId=null, outTradeNo=null)
Closing org.springframework.web.context.support.GenericWebApplicationContext@4648ce9: startup date [Thu Apr 12 13:56:28 CST 2018]; root of context hierarchy
Closing JPA EntityManagerFactory for persistence unit 'default'
Starting PayServiceImplTest on GH-PC with PID 5728 (started by GH in D:\masterSpring\code\sell)
No active profile set, falling back to default profiles: default
Refreshing org.springframework.web.context.support.GenericWebApplicationContext@569bf9eb: startup date [Thu Apr 12 14:12:42 CST 2018]; root of context hierarchy
HV000001: Hibernate Validator 5.3.6.Final
JSR-330 'javax.inject.Inject' annotation found and supported for autowiring
Bean 'org.springframework.transaction.annotation.ProxyTransactionManagementConfiguration' of type [org.springframework.transaction.annotation.ProxyTransactionManagementConfiguration$$EnhancerBySpringCGLIB$$45b63ba3] is not eligible for getting processed by all BeanPostProcessors (for example: not eligible for auto-proxying)
Building JPA container EntityManagerFactory for persistence unit 'default'
HHH000204: Processing PersistenceUnitInfo [
	name: default
	...]
HHH000412: Hibernate Core {5.0.12.Final}
HHH000206: hibernate.properties not found
HHH000021: Bytecode provider name : javassist
HCANN000001: Hibernate Commons Annotations {5.0.1.Final}
HHH000400: Using dialect: org.hibernate.dialect.MySQL5Dialect
Initialized JPA EntityManagerFactory for persistence unit 'default'
Looking for @ControllerAdvice: org.springframework.web.context.support.GenericWebApplicationContext@569bf9eb: startup date [Thu Apr 12 14:12:42 CST 2018]; root of context hierarchy
Mapped "{[/buyer/order/create],methods=[POST]}" onto public com.imooc.VO.ResultVO<java.util.Map<java.lang.String, java.lang.String>> com.imooc.controller.BuyerOrderController.create(com.imooc.form.OrderForm,org.springframework.validation.BindingResult)
Mapped "{[/buyer/order/list],methods=[GET]}" onto public com.imooc.VO.ResultVO<java.util.List<com.imooc.dto.OrderDTO>> com.imooc.controller.BuyerOrderController.list(java.lang.String,java.lang.Integer,java.lang.Integer)
Mapped "{[/buyer/order/detail],methods=[GET]}" onto public com.imooc.VO.ResultVO<com.imooc.dto.OrderDTO> com.imooc.controller.BuyerOrderController.detail(java.lang.String,java.lang.String)
Mapped "{[/buyer/order/cancel],methods=[POST]}" onto public com.imooc.VO.ResultVO com.imooc.controller.BuyerOrderController.cancel(java.lang.String,java.lang.String)
Mapped "{[/buyer/product/list],methods=[GET]}" onto public com.imooc.VO.ResultVO com.imooc.controller.BuyerProductController.list()
Mapped "{[/pay/create],methods=[GET]}" onto public void com.imooc.controller.PayController.create(java.lang.String,java.lang.String)
Mapped "{[/wechat/userInfo],methods=[GET]}" onto public java.lang.String com.imooc.controller.WechatController.userinfo(java.lang.String,java.lang.String)
Mapped "{[/wechat/authorize],methods=[GET]}" onto public java.lang.String com.imooc.controller.WechatController.authorize(java.lang.String)
Mapped "{[/weixin/auth],methods=[GET]}" onto public void com.imooc.controller.WeixinController.auth(java.lang.String)
Mapped "{[/error]}" onto public org.springframework.http.ResponseEntity<java.util.Map<java.lang.String, java.lang.Object>> org.springframework.boot.autoconfigure.web.BasicErrorController.error(javax.servlet.http.HttpServletRequest)
Mapped "{[/error],produces=[text/html]}" onto public org.springframework.web.servlet.ModelAndView org.springframework.boot.autoconfigure.web.BasicErrorController.errorHtml(javax.servlet.http.HttpServletRequest,javax.servlet.http.HttpServletResponse)
Mapped URL path [/webjars/**] onto handler of type [class org.springframework.web.servlet.resource.ResourceHttpRequestHandler]
Mapped URL path [/**] onto handler of type [class org.springframework.web.servlet.resource.ResourceHttpRequestHandler]
Mapped URL path [/**/favicon.ico] onto handler of type [class org.springframework.web.servlet.resource.ResourceHttpRequestHandler]
Started PayServiceImplTest in 10.006 seconds (JVM running for 11.845)
HHH000397: Using ASTQueryTranslatorFactory
【微信支付】request={
  "payTypeEnum": "WXPAY_H5",
  "orderId": "1523286633721590160",
  "orderAmount": 3.0,
  "orderName": "微信点餐订单",
  "openid": "oTgZpwWcdQyNK05_AyRv_zgWAZ9E"
}
【微信支付】response={
  "appId": "wxd898fcb01713c658",
  "timeStamp": "1523513572",
  "nonceStr": "zFUnkzeyUhBmdMUw",
  "packAge": "prepay_id\u003dwx121412527824297fe95af38e0145811831",
  "signType": "MD5",
  "paySign": "5CDCB7AA46574E4D93D4814744FF57F4"
}
Closing org.springframework.web.context.support.GenericWebApplicationContext@569bf9eb: startup date [Thu Apr 12 14:12:42 CST 2018]; root of context hierarchy
Closing JPA EntityManagerFactory for persistence unit 'default'
Starting SellApplication on GH-PC with PID 3312 (D:\masterSpring\code\sell\target\classes started by GH in D:\masterSpring\code\sell)
No active profile set, falling back to default profiles: default
Refreshing org.springframework.boot.context.embedded.AnnotationConfigEmbeddedWebApplicationContext@487db668: startup date [Thu Apr 12 14:30:31 CST 2018]; root of context hierarchy
HV000001: Hibernate Validator 5.3.6.Final
JSR-330 'javax.inject.Inject' annotation found and supported for autowiring
Bean 'org.springframework.transaction.annotation.ProxyTransactionManagementConfiguration' of type [org.springframework.transaction.annotation.ProxyTransactionManagementConfiguration$$EnhancerBySpringCGLIB$$7a098f29] is not eligible for getting processed by all BeanPostProcessors (for example: not eligible for auto-proxying)
Tomcat initialized with port(s): 8080 (http)
Starting service [Tomcat]
Starting Servlet Engine: Apache Tomcat/8.5.27
Initializing Spring embedded WebApplicationContext
Root WebApplicationContext: initialization completed in 1613 ms
Mapping servlet: 'dispatcherServlet' to [/]
Mapping filter: 'characterEncodingFilter' to: [/*]
Mapping filter: 'hiddenHttpMethodFilter' to: [/*]
Mapping filter: 'httpPutFormContentFilter' to: [/*]
Mapping filter: 'requestContextFilter' to: [/*]
Building JPA container EntityManagerFactory for persistence unit 'default'
HHH000204: Processing PersistenceUnitInfo [
	name: default
	...]
HHH000412: Hibernate Core {5.0.12.Final}
HHH000206: hibernate.properties not found
HHH000021: Bytecode provider name : javassist
HCANN000001: Hibernate Commons Annotations {5.0.1.Final}
HHH000400: Using dialect: org.hibernate.dialect.MySQL5Dialect
Initialized JPA EntityManagerFactory for persistence unit 'default'
Looking for @ControllerAdvice: org.springframework.boot.context.embedded.AnnotationConfigEmbeddedWebApplicationContext@487db668: startup date [Thu Apr 12 14:30:31 CST 2018]; root of context hierarchy
Mapped "{[/buyer/order/create],methods=[POST]}" onto public com.imooc.VO.ResultVO<java.util.Map<java.lang.String, java.lang.String>> com.imooc.controller.BuyerOrderController.create(com.imooc.form.OrderForm,org.springframework.validation.BindingResult)
Mapped "{[/buyer/order/list],methods=[GET]}" onto public com.imooc.VO.ResultVO<java.util.List<com.imooc.dto.OrderDTO>> com.imooc.controller.BuyerOrderController.list(java.lang.String,java.lang.Integer,java.lang.Integer)
Mapped "{[/buyer/order/detail],methods=[GET]}" onto public com.imooc.VO.ResultVO<com.imooc.dto.OrderDTO> com.imooc.controller.BuyerOrderController.detail(java.lang.String,java.lang.String)
Mapped "{[/buyer/order/cancel],methods=[POST]}" onto public com.imooc.VO.ResultVO com.imooc.controller.BuyerOrderController.cancel(java.lang.String,java.lang.String)
Mapped "{[/buyer/product/list],methods=[GET]}" onto public com.imooc.VO.ResultVO com.imooc.controller.BuyerProductController.list()
Mapped "{[/pay/create],methods=[GET]}" onto public void com.imooc.controller.PayController.create(java.lang.String,java.lang.String)
Mapped "{[/wechat/userInfo],methods=[GET]}" onto public java.lang.String com.imooc.controller.WechatController.userinfo(java.lang.String,java.lang.String)
Mapped "{[/wechat/authorize],methods=[GET]}" onto public java.lang.String com.imooc.controller.WechatController.authorize(java.lang.String)
Mapped "{[/weixin/auth],methods=[GET]}" onto public void com.imooc.controller.WeixinController.auth(java.lang.String)
Mapped "{[/error]}" onto public org.springframework.http.ResponseEntity<java.util.Map<java.lang.String, java.lang.Object>> org.springframework.boot.autoconfigure.web.BasicErrorController.error(javax.servlet.http.HttpServletRequest)
Mapped "{[/error],produces=[text/html]}" onto public org.springframework.web.servlet.ModelAndView org.springframework.boot.autoconfigure.web.BasicErrorController.errorHtml(javax.servlet.http.HttpServletRequest,javax.servlet.http.HttpServletResponse)
Mapped URL path [/webjars/**] onto handler of type [class org.springframework.web.servlet.resource.ResourceHttpRequestHandler]
Mapped URL path [/**] onto handler of type [class org.springframework.web.servlet.resource.ResourceHttpRequestHandler]
Mapped URL path [/**/favicon.ico] onto handler of type [class org.springframework.web.servlet.resource.ResourceHttpRequestHandler]
Registering beans for JMX exposure on startup
Initializing ProtocolHandler ["http-nio-8080"]
Starting ProtocolHandler ["http-nio-8080"]
Using a shared selector for servlet write/read
Tomcat started on port(s): 8080 (http)
Started SellApplication in 5.319 seconds (JVM running for 8.675)
Initializing Spring FrameworkServlet 'dispatcherServlet'
FrameworkServlet 'dispatcherServlet': initialization started
FrameworkServlet 'dispatcherServlet': initialization completed in 33 ms
Starting PayServiceImplTest on GH-PC with PID 7044 (started by GH in D:\masterSpring\code\sell)
No active profile set, falling back to default profiles: default
Refreshing org.springframework.web.context.support.GenericWebApplicationContext@4c6daf0: startup date [Thu Apr 12 14:35:03 CST 2018]; root of context hierarchy
HV000001: Hibernate Validator 5.3.6.Final
JSR-330 'javax.inject.Inject' annotation found and supported for autowiring
Bean 'org.springframework.transaction.annotation.ProxyTransactionManagementConfiguration' of type [org.springframework.transaction.annotation.ProxyTransactionManagementConfiguration$$EnhancerBySpringCGLIB$$ced33d47] is not eligible for getting processed by all BeanPostProcessors (for example: not eligible for auto-proxying)
Building JPA container EntityManagerFactory for persistence unit 'default'
HHH000204: Processing PersistenceUnitInfo [
	name: default
	...]
HHH000412: Hibernate Core {5.0.12.Final}
HHH000206: hibernate.properties not found
HHH000021: Bytecode provider name : javassist
HCANN000001: Hibernate Commons Annotations {5.0.1.Final}
HHH000400: Using dialect: org.hibernate.dialect.MySQL5Dialect
Initialized JPA EntityManagerFactory for persistence unit 'default'
Looking for @ControllerAdvice: org.springframework.web.context.support.GenericWebApplicationContext@4c6daf0: startup date [Thu Apr 12 14:35:03 CST 2018]; root of context hierarchy
Mapped "{[/buyer/order/create],methods=[POST]}" onto public com.imooc.VO.ResultVO<java.util.Map<java.lang.String, java.lang.String>> com.imooc.controller.BuyerOrderController.create(com.imooc.form.OrderForm,org.springframework.validation.BindingResult)
Mapped "{[/buyer/order/list],methods=[GET]}" onto public com.imooc.VO.ResultVO<java.util.List<com.imooc.dto.OrderDTO>> com.imooc.controller.BuyerOrderController.list(java.lang.String,java.lang.Integer,java.lang.Integer)
Mapped "{[/buyer/order/cancel],methods=[POST]}" onto public com.imooc.VO.ResultVO com.imooc.controller.BuyerOrderController.cancel(java.lang.String,java.lang.String)
Mapped "{[/buyer/order/detail],methods=[GET]}" onto public com.imooc.VO.ResultVO<com.imooc.dto.OrderDTO> com.imooc.controller.BuyerOrderController.detail(java.lang.String,java.lang.String)
Mapped "{[/buyer/product/list],methods=[GET]}" onto public com.imooc.VO.ResultVO com.imooc.controller.BuyerProductController.list()
Mapped "{[/pay/create],methods=[GET]}" onto public void com.imooc.controller.PayController.create(java.lang.String,java.lang.String)
Mapped "{[/wechat/userInfo],methods=[GET]}" onto public java.lang.String com.imooc.controller.WechatController.userinfo(java.lang.String,java.lang.String)
Mapped "{[/wechat/authorize],methods=[GET]}" onto public java.lang.String com.imooc.controller.WechatController.authorize(java.lang.String)
Mapped "{[/weixin/auth],methods=[GET]}" onto public void com.imooc.controller.WeixinController.auth(java.lang.String)
Mapped "{[/error]}" onto public org.springframework.http.ResponseEntity<java.util.Map<java.lang.String, java.lang.Object>> org.springframework.boot.autoconfigure.web.BasicErrorController.error(javax.servlet.http.HttpServletRequest)
Mapped "{[/error],produces=[text/html]}" onto public org.springframework.web.servlet.ModelAndView org.springframework.boot.autoconfigure.web.BasicErrorController.errorHtml(javax.servlet.http.HttpServletRequest,javax.servlet.http.HttpServletResponse)
Mapped URL path [/webjars/**] onto handler of type [class org.springframework.web.servlet.resource.ResourceHttpRequestHandler]
Mapped URL path [/**] onto handler of type [class org.springframework.web.servlet.resource.ResourceHttpRequestHandler]
Mapped URL path [/**/favicon.ico] onto handler of type [class org.springframework.web.servlet.resource.ResourceHttpRequestHandler]
Started PayServiceImplTest in 12.1 seconds (JVM running for 13.869)
HHH000397: Using ASTQueryTranslatorFactory
【微信支付】request={
  "payTypeEnum": "WXPAY_H5",
  "orderId": "1523286633721590160",
  "orderAmount": 3.0,
  "orderName": "微信点餐订单",
  "openid": "oTgZpwWcdQyNK05_AyRv_zgWAZ9E"
}
【微信支付】response={
  "appId": "wxd898fcb01713c658",
  "timeStamp": "1523514915",
  "nonceStr": "81RFPJBZPqgkX0U9",
  "packAge": "prepay_id\u003dwx121435157309947fe95af38e0930170992",
  "signType": "MD5",
  "paySign": "CB6AEE5C354FDF9E455F55EE26E33014"
}
Closing org.springframework.web.context.support.GenericWebApplicationContext@4c6daf0: startup date [Thu Apr 12 14:35:03 CST 2018]; root of context hierarchy
Closing JPA EntityManagerFactory for persistence unit 'default'
Starting PayServiceImplTest on GH-PC with PID 5584 (started by GH in D:\masterSpring\code\sell)
No active profile set, falling back to default profiles: default
Refreshing org.springframework.web.context.support.GenericWebApplicationContext@4c6daf0: startup date [Thu Apr 12 14:38:14 CST 2018]; root of context hierarchy
HV000001: Hibernate Validator 5.3.6.Final
JSR-330 'javax.inject.Inject' annotation found and supported for autowiring
Bean 'org.springframework.transaction.annotation.ProxyTransactionManagementConfiguration' of type [org.springframework.transaction.annotation.ProxyTransactionManagementConfiguration$$EnhancerBySpringCGLIB$$f34b1d2c] is not eligible for getting processed by all BeanPostProcessors (for example: not eligible for auto-proxying)
Building JPA container EntityManagerFactory for persistence unit 'default'
HHH000204: Processing PersistenceUnitInfo [
	name: default
	...]
HHH000412: Hibernate Core {5.0.12.Final}
HHH000206: hibernate.properties not found
HHH000021: Bytecode provider name : javassist
HCANN000001: Hibernate Commons Annotations {5.0.1.Final}
HHH000400: Using dialect: org.hibernate.dialect.MySQL5Dialect
Initialized JPA EntityManagerFactory for persistence unit 'default'
Looking for @ControllerAdvice: org.springframework.web.context.support.GenericWebApplicationContext@4c6daf0: startup date [Thu Apr 12 14:38:14 CST 2018]; root of context hierarchy
Mapped "{[/buyer/order/create],methods=[POST]}" onto public com.imooc.VO.ResultVO<java.util.Map<java.lang.String, java.lang.String>> com.imooc.controller.BuyerOrderController.create(com.imooc.form.OrderForm,org.springframework.validation.BindingResult)
Mapped "{[/buyer/order/list],methods=[GET]}" onto public com.imooc.VO.ResultVO<java.util.List<com.imooc.dto.OrderDTO>> com.imooc.controller.BuyerOrderController.list(java.lang.String,java.lang.Integer,java.lang.Integer)
Mapped "{[/buyer/order/cancel],methods=[POST]}" onto public com.imooc.VO.ResultVO com.imooc.controller.BuyerOrderController.cancel(java.lang.String,java.lang.String)
Mapped "{[/buyer/order/detail],methods=[GET]}" onto public com.imooc.VO.ResultVO<com.imooc.dto.OrderDTO> com.imooc.controller.BuyerOrderController.detail(java.lang.String,java.lang.String)
Mapped "{[/buyer/product/list],methods=[GET]}" onto public com.imooc.VO.ResultVO com.imooc.controller.BuyerProductController.list()
Mapped "{[/pay/create],methods=[GET]}" onto public void com.imooc.controller.PayController.create(java.lang.String,java.lang.String)
Mapped "{[/wechat/userInfo],methods=[GET]}" onto public java.lang.String com.imooc.controller.WechatController.userinfo(java.lang.String,java.lang.String)
Mapped "{[/wechat/authorize],methods=[GET]}" onto public java.lang.String com.imooc.controller.WechatController.authorize(java.lang.String)
Mapped "{[/weixin/auth],methods=[GET]}" onto public void com.imooc.controller.WeixinController.auth(java.lang.String)
Mapped "{[/error]}" onto public org.springframework.http.ResponseEntity<java.util.Map<java.lang.String, java.lang.Object>> org.springframework.boot.autoconfigure.web.BasicErrorController.error(javax.servlet.http.HttpServletRequest)
Mapped "{[/error],produces=[text/html]}" onto public org.springframework.web.servlet.ModelAndView org.springframework.boot.autoconfigure.web.BasicErrorController.errorHtml(javax.servlet.http.HttpServletRequest,javax.servlet.http.HttpServletResponse)
Mapped URL path [/webjars/**] onto handler of type [class org.springframework.web.servlet.resource.ResourceHttpRequestHandler]
Mapped URL path [/**] onto handler of type [class org.springframework.web.servlet.resource.ResourceHttpRequestHandler]
Mapped URL path [/**/favicon.ico] onto handler of type [class org.springframework.web.servlet.resource.ResourceHttpRequestHandler]
Started PayServiceImplTest in 10.496 seconds (JVM running for 12.138)
HHH000397: Using ASTQueryTranslatorFactory
【微信支付】request={
  "payTypeEnum": "WXPAY_H5",
  "orderId": "1523286633721590160",
  "orderAmount": 3.0,
  "orderName": "微信点餐订单",
  "openid": "oTgZpwWcdQyNK05_AyRv_zgWAZ9E"
}
【微信支付】response={
  "appId": "wxd898fcb01713c658",
  "timeStamp": "1523515105",
  "nonceStr": "cfZXEl4Wma5VMXH8",
  "packAge": "prepay_id\u003dwx121438256673957fe95af38e4070574273",
  "signType": "MD5",
  "paySign": "CE9CEDF75A693C577B63EC421380EA24"
}
Closing org.springframework.web.context.support.GenericWebApplicationContext@4c6daf0: startup date [Thu Apr 12 14:38:14 CST 2018]; root of context hierarchy
Closing JPA EntityManagerFactory for persistence unit 'default'
Starting SellApplication on GH-PC with PID 7616 (D:\masterSpring\code\sell\target\classes started by GH in D:\masterSpring\code\sell)
No active profile set, falling back to default profiles: default
Refreshing org.springframework.boot.context.embedded.AnnotationConfigEmbeddedWebApplicationContext@436813f3: startup date [Thu Apr 12 14:39:46 CST 2018]; root of context hierarchy
HV000001: Hibernate Validator 5.3.6.Final
JSR-330 'javax.inject.Inject' annotation found and supported for autowiring
Bean 'org.springframework.transaction.annotation.ProxyTransactionManagementConfiguration' of type [org.springframework.transaction.annotation.ProxyTransactionManagementConfiguration$$EnhancerBySpringCGLIB$$af29c421] is not eligible for getting processed by all BeanPostProcessors (for example: not eligible for auto-proxying)
Tomcat initialized with port(s): 8080 (http)
Starting service [Tomcat]
Starting Servlet Engine: Apache Tomcat/8.5.27
Initializing Spring embedded WebApplicationContext
Root WebApplicationContext: initialization completed in 1407 ms
Mapping servlet: 'dispatcherServlet' to [/]
Mapping filter: 'characterEncodingFilter' to: [/*]
Mapping filter: 'hiddenHttpMethodFilter' to: [/*]
Mapping filter: 'httpPutFormContentFilter' to: [/*]
Mapping filter: 'requestContextFilter' to: [/*]
Building JPA container EntityManagerFactory for persistence unit 'default'
HHH000204: Processing PersistenceUnitInfo [
	name: default
	...]
HHH000412: Hibernate Core {5.0.12.Final}
HHH000206: hibernate.properties not found
HHH000021: Bytecode provider name : javassist
HCANN000001: Hibernate Commons Annotations {5.0.1.Final}
HHH000400: Using dialect: org.hibernate.dialect.MySQL5Dialect
Initialized JPA EntityManagerFactory for persistence unit 'default'
Looking for @ControllerAdvice: org.springframework.boot.context.embedded.AnnotationConfigEmbeddedWebApplicationContext@436813f3: startup date [Thu Apr 12 14:39:46 CST 2018]; root of context hierarchy
Mapped "{[/buyer/order/create],methods=[POST]}" onto public com.imooc.VO.ResultVO<java.util.Map<java.lang.String, java.lang.String>> com.imooc.controller.BuyerOrderController.create(com.imooc.form.OrderForm,org.springframework.validation.BindingResult)
Mapped "{[/buyer/order/list],methods=[GET]}" onto public com.imooc.VO.ResultVO<java.util.List<com.imooc.dto.OrderDTO>> com.imooc.controller.BuyerOrderController.list(java.lang.String,java.lang.Integer,java.lang.Integer)
Mapped "{[/buyer/order/detail],methods=[GET]}" onto public com.imooc.VO.ResultVO<com.imooc.dto.OrderDTO> com.imooc.controller.BuyerOrderController.detail(java.lang.String,java.lang.String)
Mapped "{[/buyer/order/cancel],methods=[POST]}" onto public com.imooc.VO.ResultVO com.imooc.controller.BuyerOrderController.cancel(java.lang.String,java.lang.String)
Mapped "{[/buyer/product/list],methods=[GET]}" onto public com.imooc.VO.ResultVO com.imooc.controller.BuyerProductController.list()
Mapped "{[/pay/create],methods=[GET]}" onto public void com.imooc.controller.PayController.create(java.lang.String,java.lang.String)
Mapped "{[/wechat/userInfo],methods=[GET]}" onto public java.lang.String com.imooc.controller.WechatController.userinfo(java.lang.String,java.lang.String)
Mapped "{[/wechat/authorize],methods=[GET]}" onto public java.lang.String com.imooc.controller.WechatController.authorize(java.lang.String)
Mapped "{[/weixin/auth],methods=[GET]}" onto public void com.imooc.controller.WeixinController.auth(java.lang.String)
Mapped "{[/error]}" onto public org.springframework.http.ResponseEntity<java.util.Map<java.lang.String, java.lang.Object>> org.springframework.boot.autoconfigure.web.BasicErrorController.error(javax.servlet.http.HttpServletRequest)
Mapped "{[/error],produces=[text/html]}" onto public org.springframework.web.servlet.ModelAndView org.springframework.boot.autoconfigure.web.BasicErrorController.errorHtml(javax.servlet.http.HttpServletRequest,javax.servlet.http.HttpServletResponse)
Mapped URL path [/webjars/**] onto handler of type [class org.springframework.web.servlet.resource.ResourceHttpRequestHandler]
Mapped URL path [/**] onto handler of type [class org.springframework.web.servlet.resource.ResourceHttpRequestHandler]
Mapped URL path [/**/favicon.ico] onto handler of type [class org.springframework.web.servlet.resource.ResourceHttpRequestHandler]
Registering beans for JMX exposure on startup
Initializing ProtocolHandler ["http-nio-8080"]
Starting ProtocolHandler ["http-nio-8080"]
Using a shared selector for servlet write/read
Tomcat started on port(s): 8080 (http)
Started SellApplication in 4.114 seconds (JVM running for 7.317)
Initializing Spring FrameworkServlet 'dispatcherServlet'
FrameworkServlet 'dispatcherServlet': initialization started
FrameworkServlet 'dispatcherServlet': initialization completed in 22 ms
Starting SellApplication on GH-PC with PID 600 (D:\masterSpring\code\sell\target\classes started by GH in D:\masterSpring\code\sell)
No active profile set, falling back to default profiles: default
Refreshing org.springframework.boot.context.embedded.AnnotationConfigEmbeddedWebApplicationContext@3febb011: startup date [Thu Apr 12 15:47:10 CST 2018]; root of context hierarchy
HV000001: Hibernate Validator 5.3.6.Final
JSR-330 'javax.inject.Inject' annotation found and supported for autowiring
Bean 'org.springframework.transaction.annotation.ProxyTransactionManagementConfiguration' of type [org.springframework.transaction.annotation.ProxyTransactionManagementConfiguration$$EnhancerBySpringCGLIB$$73f465a2] is not eligible for getting processed by all BeanPostProcessors (for example: not eligible for auto-proxying)
Tomcat initialized with port(s): 8080 (http)
Starting service [Tomcat]
Starting Servlet Engine: Apache Tomcat/8.5.27
Initializing Spring embedded WebApplicationContext
Root WebApplicationContext: initialization completed in 1356 ms
Mapping servlet: 'dispatcherServlet' to [/]
Mapping filter: 'characterEncodingFilter' to: [/*]
Mapping filter: 'hiddenHttpMethodFilter' to: [/*]
Mapping filter: 'httpPutFormContentFilter' to: [/*]
Mapping filter: 'requestContextFilter' to: [/*]
Building JPA container EntityManagerFactory for persistence unit 'default'
HHH000204: Processing PersistenceUnitInfo [
	name: default
	...]
HHH000412: Hibernate Core {5.0.12.Final}
HHH000206: hibernate.properties not found
HHH000021: Bytecode provider name : javassist
HCANN000001: Hibernate Commons Annotations {5.0.1.Final}
HHH000400: Using dialect: org.hibernate.dialect.MySQL5Dialect
Initialized JPA EntityManagerFactory for persistence unit 'default'
Looking for @ControllerAdvice: org.springframework.boot.context.embedded.AnnotationConfigEmbeddedWebApplicationContext@3febb011: startup date [Thu Apr 12 15:47:10 CST 2018]; root of context hierarchy
Mapped "{[/buyer/order/create],methods=[POST]}" onto public com.imooc.VO.ResultVO<java.util.Map<java.lang.String, java.lang.String>> com.imooc.controller.BuyerOrderController.create(com.imooc.form.OrderForm,org.springframework.validation.BindingResult)
Mapped "{[/buyer/order/list],methods=[GET]}" onto public com.imooc.VO.ResultVO<java.util.List<com.imooc.dto.OrderDTO>> com.imooc.controller.BuyerOrderController.list(java.lang.String,java.lang.Integer,java.lang.Integer)
Mapped "{[/buyer/order/detail],methods=[GET]}" onto public com.imooc.VO.ResultVO<com.imooc.dto.OrderDTO> com.imooc.controller.BuyerOrderController.detail(java.lang.String,java.lang.String)
Mapped "{[/buyer/order/cancel],methods=[POST]}" onto public com.imooc.VO.ResultVO com.imooc.controller.BuyerOrderController.cancel(java.lang.String,java.lang.String)
Mapped "{[/buyer/product/list],methods=[GET]}" onto public com.imooc.VO.ResultVO com.imooc.controller.BuyerProductController.list()
Mapped "{[/pay/create],methods=[GET]}" onto public void com.imooc.controller.PayController.create(java.lang.String,java.lang.String)
Mapped "{[/wechat/userInfo],methods=[GET]}" onto public java.lang.String com.imooc.controller.WechatController.userinfo(java.lang.String,java.lang.String)
Mapped "{[/wechat/authorize],methods=[GET]}" onto public java.lang.String com.imooc.controller.WechatController.authorize(java.lang.String)
Mapped "{[/weixin/auth],methods=[GET]}" onto public void com.imooc.controller.WeixinController.auth(java.lang.String)
Mapped "{[/error]}" onto public org.springframework.http.ResponseEntity<java.util.Map<java.lang.String, java.lang.Object>> org.springframework.boot.autoconfigure.web.BasicErrorController.error(javax.servlet.http.HttpServletRequest)
Mapped "{[/error],produces=[text/html]}" onto public org.springframework.web.servlet.ModelAndView org.springframework.boot.autoconfigure.web.BasicErrorController.errorHtml(javax.servlet.http.HttpServletRequest,javax.servlet.http.HttpServletResponse)
Mapped URL path [/webjars/**] onto handler of type [class org.springframework.web.servlet.resource.ResourceHttpRequestHandler]
Mapped URL path [/**] onto handler of type [class org.springframework.web.servlet.resource.ResourceHttpRequestHandler]
Mapped URL path [/**/favicon.ico] onto handler of type [class org.springframework.web.servlet.resource.ResourceHttpRequestHandler]
Registering beans for JMX exposure on startup
Initializing ProtocolHandler ["http-nio-8080"]
Starting ProtocolHandler ["http-nio-8080"]
Using a shared selector for servlet write/read
Tomcat started on port(s): 8080 (http)
Started SellApplication in 4.046 seconds (JVM running for 7.911)
Initializing Spring FrameworkServlet 'dispatcherServlet'
FrameworkServlet 'dispatcherServlet': initialization started
FrameworkServlet 'dispatcherServlet': initialization completed in 22 ms
Starting SellApplication on GH-PC with PID 7016 (D:\masterSpring\code\sell\target\classes started by GH in D:\masterSpring\code\sell)
No active profile set, falling back to default profiles: default
Refreshing org.springframework.boot.context.embedded.AnnotationConfigEmbeddedWebApplicationContext@74fe5c40: startup date [Thu Apr 12 19:44:02 CST 2018]; root of context hierarchy
HV000001: Hibernate Validator 5.3.6.Final
JSR-330 'javax.inject.Inject' annotation found and supported for autowiring
Bean 'org.springframework.transaction.annotation.ProxyTransactionManagementConfiguration' of type [org.springframework.transaction.annotation.ProxyTransactionManagementConfiguration$$EnhancerBySpringCGLIB$$c2f9d394] is not eligible for getting processed by all BeanPostProcessors (for example: not eligible for auto-proxying)
Tomcat initialized with port(s): 8080 (http)
Starting service [Tomcat]
Starting Servlet Engine: Apache Tomcat/8.5.27
Initializing Spring embedded WebApplicationContext
Root WebApplicationContext: initialization completed in 2652 ms
Mapping servlet: 'dispatcherServlet' to [/]
Mapping filter: 'characterEncodingFilter' to: [/*]
Mapping filter: 'hiddenHttpMethodFilter' to: [/*]
Mapping filter: 'httpPutFormContentFilter' to: [/*]
Mapping filter: 'requestContextFilter' to: [/*]
Building JPA container EntityManagerFactory for persistence unit 'default'
HHH000204: Processing PersistenceUnitInfo [
	name: default
	...]
HHH000412: Hibernate Core {5.0.12.Final}
HHH000206: hibernate.properties not found
HHH000021: Bytecode provider name : javassist
HCANN000001: Hibernate Commons Annotations {5.0.1.Final}
HHH000400: Using dialect: org.hibernate.dialect.MySQL5Dialect
Initialized JPA EntityManagerFactory for persistence unit 'default'
Looking for @ControllerAdvice: org.springframework.boot.context.embedded.AnnotationConfigEmbeddedWebApplicationContext@74fe5c40: startup date [Thu Apr 12 19:44:02 CST 2018]; root of context hierarchy
Mapped "{[/buyer/order/create],methods=[POST]}" onto public com.imooc.VO.ResultVO<java.util.Map<java.lang.String, java.lang.String>> com.imooc.controller.BuyerOrderController.create(com.imooc.form.OrderForm,org.springframework.validation.BindingResult)
Mapped "{[/buyer/order/list],methods=[GET]}" onto public com.imooc.VO.ResultVO<java.util.List<com.imooc.dto.OrderDTO>> com.imooc.controller.BuyerOrderController.list(java.lang.String,java.lang.Integer,java.lang.Integer)
Mapped "{[/buyer/order/cancel],methods=[POST]}" onto public com.imooc.VO.ResultVO com.imooc.controller.BuyerOrderController.cancel(java.lang.String,java.lang.String)
Mapped "{[/buyer/order/detail],methods=[GET]}" onto public com.imooc.VO.ResultVO<com.imooc.dto.OrderDTO> com.imooc.controller.BuyerOrderController.detail(java.lang.String,java.lang.String)
Mapped "{[/buyer/product/list],methods=[GET]}" onto public com.imooc.VO.ResultVO com.imooc.controller.BuyerProductController.list()
Mapped "{[/pay/create],methods=[GET]}" onto public void com.imooc.controller.PayController.create(java.lang.String,java.lang.String)
Mapped "{[/wechat/userInfo],methods=[GET]}" onto public java.lang.String com.imooc.controller.WechatController.userinfo(java.lang.String,java.lang.String)
Mapped "{[/wechat/authorize],methods=[GET]}" onto public java.lang.String com.imooc.controller.WechatController.authorize(java.lang.String)
Mapped "{[/weixin/auth],methods=[GET]}" onto public void com.imooc.controller.WeixinController.auth(java.lang.String)
Mapped "{[/error]}" onto public org.springframework.http.ResponseEntity<java.util.Map<java.lang.String, java.lang.Object>> org.springframework.boot.autoconfigure.web.BasicErrorController.error(javax.servlet.http.HttpServletRequest)
Mapped "{[/error],produces=[text/html]}" onto public org.springframework.web.servlet.ModelAndView org.springframework.boot.autoconfigure.web.BasicErrorController.errorHtml(javax.servlet.http.HttpServletRequest,javax.servlet.http.HttpServletResponse)
Mapped URL path [/webjars/**] onto handler of type [class org.springframework.web.servlet.resource.ResourceHttpRequestHandler]
Mapped URL path [/**] onto handler of type [class org.springframework.web.servlet.resource.ResourceHttpRequestHandler]
Mapped URL path [/**/favicon.ico] onto handler of type [class org.springframework.web.servlet.resource.ResourceHttpRequestHandler]
Registering beans for JMX exposure on startup
Initializing ProtocolHandler ["http-nio-8080"]
Starting ProtocolHandler ["http-nio-8080"]
Using a shared selector for servlet write/read
Tomcat started on port(s): 8080 (http)
Started SellApplication in 8.201 seconds (JVM running for 12.443)
Initializing Spring FrameworkServlet 'dispatcherServlet'
FrameworkServlet 'dispatcherServlet': initialization started
FrameworkServlet 'dispatcherServlet': initialization completed in 24 ms
Starting PayServiceImplTest on GH-PC with PID 1672 (started by GH in D:\masterSpring\code\sell)
No active profile set, falling back to default profiles: default
Refreshing org.springframework.web.context.support.GenericWebApplicationContext@33ecda92: startup date [Thu Apr 12 21:20:03 CST 2018]; root of context hierarchy
HV000001: Hibernate Validator 5.3.6.Final
JSR-330 'javax.inject.Inject' annotation found and supported for autowiring
Bean 'org.springframework.transaction.annotation.ProxyTransactionManagementConfiguration' of type [org.springframework.transaction.annotation.ProxyTransactionManagementConfiguration$$EnhancerBySpringCGLIB$$eadb4235] is not eligible for getting processed by all BeanPostProcessors (for example: not eligible for auto-proxying)
Building JPA container EntityManagerFactory for persistence unit 'default'
HHH000204: Processing PersistenceUnitInfo [
	name: default
	...]
HHH000412: Hibernate Core {5.0.12.Final}
HHH000206: hibernate.properties not found
HHH000021: Bytecode provider name : javassist
HCANN000001: Hibernate Commons Annotations {5.0.1.Final}
HHH000400: Using dialect: org.hibernate.dialect.MySQL5Dialect
Initialized JPA EntityManagerFactory for persistence unit 'default'
Looking for @ControllerAdvice: org.springframework.web.context.support.GenericWebApplicationContext@33ecda92: startup date [Thu Apr 12 21:20:03 CST 2018]; root of context hierarchy
Mapped "{[/buyer/order/create],methods=[POST]}" onto public com.imooc.VO.ResultVO<java.util.Map<java.lang.String, java.lang.String>> com.imooc.controller.BuyerOrderController.create(com.imooc.form.OrderForm,org.springframework.validation.BindingResult)
Mapped "{[/buyer/order/list],methods=[GET]}" onto public com.imooc.VO.ResultVO<java.util.List<com.imooc.dto.OrderDTO>> com.imooc.controller.BuyerOrderController.list(java.lang.String,java.lang.Integer,java.lang.Integer)
Mapped "{[/buyer/order/detail],methods=[GET]}" onto public com.imooc.VO.ResultVO<com.imooc.dto.OrderDTO> com.imooc.controller.BuyerOrderController.detail(java.lang.String,java.lang.String)
Mapped "{[/buyer/order/cancel],methods=[POST]}" onto public com.imooc.VO.ResultVO com.imooc.controller.BuyerOrderController.cancel(java.lang.String,java.lang.String)
Mapped "{[/buyer/product/list],methods=[GET]}" onto public com.imooc.VO.ResultVO com.imooc.controller.BuyerProductController.list()
Mapped "{[/pay/create],methods=[GET]}" onto public void com.imooc.controller.PayController.create(java.lang.String,java.lang.String)
Mapped "{[/wechat/userInfo],methods=[GET]}" onto public java.lang.String com.imooc.controller.WechatController.userinfo(java.lang.String,java.lang.String)
Mapped "{[/wechat/authorize],methods=[GET]}" onto public java.lang.String com.imooc.controller.WechatController.authorize(java.lang.String)
Mapped "{[/weixin/auth],methods=[GET]}" onto public void com.imooc.controller.WeixinController.auth(java.lang.String)
Mapped "{[/error]}" onto public org.springframework.http.ResponseEntity<java.util.Map<java.lang.String, java.lang.Object>> org.springframework.boot.autoconfigure.web.BasicErrorController.error(javax.servlet.http.HttpServletRequest)
Mapped "{[/error],produces=[text/html]}" onto public org.springframework.web.servlet.ModelAndView org.springframework.boot.autoconfigure.web.BasicErrorController.errorHtml(javax.servlet.http.HttpServletRequest,javax.servlet.http.HttpServletResponse)
Mapped URL path [/webjars/**] onto handler of type [class org.springframework.web.servlet.resource.ResourceHttpRequestHandler]
Mapped URL path [/**] onto handler of type [class org.springframework.web.servlet.resource.ResourceHttpRequestHandler]
Mapped URL path [/**/favicon.ico] onto handler of type [class org.springframework.web.servlet.resource.ResourceHttpRequestHandler]
Started PayServiceImplTest in 10.757 seconds (JVM running for 13.298)
HHH000397: Using ASTQueryTranslatorFactory
【微信支付】request={
  "payTypeEnum": "WXPAY_H5",
  "orderId": "1523286633721590160",
  "orderAmount": 3.0,
  "orderName": "微信点餐订单",
  "openid": "oTgZpwWcdQyNK05_AyRv_zgWAZ9E"
}
【微信支付】response={
  "appId": "wxd898fcb01713c658",
  "timeStamp": "1523539216",
  "nonceStr": "OBT7U6D3iaan1iGY",
  "packAge": "prepay_id\u003dwx122120160620077fe95af38e3878933054",
  "signType": "MD5",
  "paySign": "11325A4FF2FAAAACD7D0988DD34A3459"
}
Closing org.springframework.web.context.support.GenericWebApplicationContext@33ecda92: startup date [Thu Apr 12 21:20:03 CST 2018]; root of context hierarchy
Closing JPA EntityManagerFactory for persistence unit 'default'
Starting SellApplication on GH-PC with PID 7020 (D:\masterSpring\code\sell\target\classes started by GH in D:\masterSpring\code\sell)
No active profile set, falling back to default profiles: default
Refreshing org.springframework.boot.context.embedded.AnnotationConfigEmbeddedWebApplicationContext@436813f3: startup date [Thu Apr 12 21:22:09 CST 2018]; root of context hierarchy
HV000001: Hibernate Validator 5.3.6.Final
JSR-330 'javax.inject.Inject' annotation found and supported for autowiring
Bean 'org.springframework.transaction.annotation.ProxyTransactionManagementConfiguration' of type [org.springframework.transaction.annotation.ProxyTransactionManagementConfiguration$$EnhancerBySpringCGLIB$$c11edaee] is not eligible for getting processed by all BeanPostProcessors (for example: not eligible for auto-proxying)
Tomcat initialized with port(s): 8080 (http)
Starting service [Tomcat]
Starting Servlet Engine: Apache Tomcat/8.5.27
Initializing Spring embedded WebApplicationContext
Root WebApplicationContext: initialization completed in 2137 ms
Mapping servlet: 'dispatcherServlet' to [/]
Mapping filter: 'characterEncodingFilter' to: [/*]
Mapping filter: 'hiddenHttpMethodFilter' to: [/*]
Mapping filter: 'httpPutFormContentFilter' to: [/*]
Mapping filter: 'requestContextFilter' to: [/*]
Building JPA container EntityManagerFactory for persistence unit 'default'
HHH000204: Processing PersistenceUnitInfo [
	name: default
	...]
HHH000412: Hibernate Core {5.0.12.Final}
HHH000206: hibernate.properties not found
HHH000021: Bytecode provider name : javassist
HCANN000001: Hibernate Commons Annotations {5.0.1.Final}
HHH000400: Using dialect: org.hibernate.dialect.MySQL5Dialect
Initialized JPA EntityManagerFactory for persistence unit 'default'
Looking for @ControllerAdvice: org.springframework.boot.context.embedded.AnnotationConfigEmbeddedWebApplicationContext@436813f3: startup date [Thu Apr 12 21:22:09 CST 2018]; root of context hierarchy
Mapped "{[/buyer/order/create],methods=[POST]}" onto public com.imooc.VO.ResultVO<java.util.Map<java.lang.String, java.lang.String>> com.imooc.controller.BuyerOrderController.create(com.imooc.form.OrderForm,org.springframework.validation.BindingResult)
Mapped "{[/buyer/order/list],methods=[GET]}" onto public com.imooc.VO.ResultVO<java.util.List<com.imooc.dto.OrderDTO>> com.imooc.controller.BuyerOrderController.list(java.lang.String,java.lang.Integer,java.lang.Integer)
Mapped "{[/buyer/order/cancel],methods=[POST]}" onto public com.imooc.VO.ResultVO com.imooc.controller.BuyerOrderController.cancel(java.lang.String,java.lang.String)
Mapped "{[/buyer/order/detail],methods=[GET]}" onto public com.imooc.VO.ResultVO<com.imooc.dto.OrderDTO> com.imooc.controller.BuyerOrderController.detail(java.lang.String,java.lang.String)
Mapped "{[/buyer/product/list],methods=[GET]}" onto public com.imooc.VO.ResultVO com.imooc.controller.BuyerProductController.list()
Mapped "{[/pay/create],methods=[GET]}" onto public void com.imooc.controller.PayController.create(java.lang.String,java.lang.String)
Mapped "{[/wechat/userInfo],methods=[GET]}" onto public java.lang.String com.imooc.controller.WechatController.userinfo(java.lang.String,java.lang.String)
Mapped "{[/wechat/authorize],methods=[GET]}" onto public java.lang.String com.imooc.controller.WechatController.authorize(java.lang.String)
Mapped "{[/weixin/auth],methods=[GET]}" onto public void com.imooc.controller.WeixinController.auth(java.lang.String)
Mapped "{[/error]}" onto public org.springframework.http.ResponseEntity<java.util.Map<java.lang.String, java.lang.Object>> org.springframework.boot.autoconfigure.web.BasicErrorController.error(javax.servlet.http.HttpServletRequest)
Mapped "{[/error],produces=[text/html]}" onto public org.springframework.web.servlet.ModelAndView org.springframework.boot.autoconfigure.web.BasicErrorController.errorHtml(javax.servlet.http.HttpServletRequest,javax.servlet.http.HttpServletResponse)
Mapped URL path [/webjars/**] onto handler of type [class org.springframework.web.servlet.resource.ResourceHttpRequestHandler]
Mapped URL path [/**] onto handler of type [class org.springframework.web.servlet.resource.ResourceHttpRequestHandler]
Mapped URL path [/**/favicon.ico] onto handler of type [class org.springframework.web.servlet.resource.ResourceHttpRequestHandler]
Registering beans for JMX exposure on startup
Initializing ProtocolHandler ["http-nio-8080"]
Starting ProtocolHandler ["http-nio-8080"]
Using a shared selector for servlet write/read
Tomcat started on port(s): 8080 (http)
Started SellApplication in 6.728 seconds (JVM running for 11.995)
Initializing Spring FrameworkServlet 'dispatcherServlet'
FrameworkServlet 'dispatcherServlet': initialization started
FrameworkServlet 'dispatcherServlet': initialization completed in 22 ms
Starting SellApplication on GH-PC with PID 6780 (D:\masterSpring\code\sell\target\classes started by GH in D:\masterSpring\code\sell)
No active profile set, falling back to default profiles: default
Refreshing org.springframework.boot.context.embedded.AnnotationConfigEmbeddedWebApplicationContext@564fabc8: startup date [Thu Apr 12 22:34:07 CST 2018]; root of context hierarchy
HV000001: Hibernate Validator 5.3.6.Final
JSR-330 'javax.inject.Inject' annotation found and supported for autowiring
Bean 'org.springframework.transaction.annotation.ProxyTransactionManagementConfiguration' of type [org.springframework.transaction.annotation.ProxyTransactionManagementConfiguration$$EnhancerBySpringCGLIB$$ff5ca264] is not eligible for getting processed by all BeanPostProcessors (for example: not eligible for auto-proxying)
Tomcat initialized with port(s): 8080 (http)
Starting service [Tomcat]
Starting Servlet Engine: Apache Tomcat/8.5.27
Initializing Spring embedded WebApplicationContext
Root WebApplicationContext: initialization completed in 1330 ms
Mapping servlet: 'dispatcherServlet' to [/]
Mapping filter: 'characterEncodingFilter' to: [/*]
Mapping filter: 'hiddenHttpMethodFilter' to: [/*]
Mapping filter: 'httpPutFormContentFilter' to: [/*]
Mapping filter: 'requestContextFilter' to: [/*]
Building JPA container EntityManagerFactory for persistence unit 'default'
HHH000204: Processing PersistenceUnitInfo [
	name: default
	...]
HHH000412: Hibernate Core {5.0.12.Final}
HHH000206: hibernate.properties not found
HHH000021: Bytecode provider name : javassist
HCANN000001: Hibernate Commons Annotations {5.0.1.Final}
HHH000400: Using dialect: org.hibernate.dialect.MySQL5Dialect
Initialized JPA EntityManagerFactory for persistence unit 'default'
Looking for @ControllerAdvice: org.springframework.boot.context.embedded.AnnotationConfigEmbeddedWebApplicationContext@564fabc8: startup date [Thu Apr 12 22:34:07 CST 2018]; root of context hierarchy
Mapped "{[/buyer/order/create],methods=[POST]}" onto public com.imooc.VO.ResultVO<java.util.Map<java.lang.String, java.lang.String>> com.imooc.controller.BuyerOrderController.create(com.imooc.form.OrderForm,org.springframework.validation.BindingResult)
Mapped "{[/buyer/order/list],methods=[GET]}" onto public com.imooc.VO.ResultVO<java.util.List<com.imooc.dto.OrderDTO>> com.imooc.controller.BuyerOrderController.list(java.lang.String,java.lang.Integer,java.lang.Integer)
Mapped "{[/buyer/order/cancel],methods=[POST]}" onto public com.imooc.VO.ResultVO com.imooc.controller.BuyerOrderController.cancel(java.lang.String,java.lang.String)
Mapped "{[/buyer/order/detail],methods=[GET]}" onto public com.imooc.VO.ResultVO<com.imooc.dto.OrderDTO> com.imooc.controller.BuyerOrderController.detail(java.lang.String,java.lang.String)
Mapped "{[/buyer/product/list],methods=[GET]}" onto public com.imooc.VO.ResultVO com.imooc.controller.BuyerProductController.list()
Mapped "{[/pay/create],methods=[GET]}" onto public void com.imooc.controller.PayController.create(java.lang.String,java.lang.String)
Mapped "{[/wechat/userInfo],methods=[GET]}" onto public java.lang.String com.imooc.controller.WechatController.userinfo(java.lang.String,java.lang.String)
Mapped "{[/wechat/authorize],methods=[GET]}" onto public java.lang.String com.imooc.controller.WechatController.authorize(java.lang.String)
Mapped "{[/weixin/auth],methods=[GET]}" onto public void com.imooc.controller.WeixinController.auth(java.lang.String)
Mapped "{[/error]}" onto public org.springframework.http.ResponseEntity<java.util.Map<java.lang.String, java.lang.Object>> org.springframework.boot.autoconfigure.web.BasicErrorController.error(javax.servlet.http.HttpServletRequest)
Mapped "{[/error],produces=[text/html]}" onto public org.springframework.web.servlet.ModelAndView org.springframework.boot.autoconfigure.web.BasicErrorController.errorHtml(javax.servlet.http.HttpServletRequest,javax.servlet.http.HttpServletResponse)
Mapped URL path [/webjars/**] onto handler of type [class org.springframework.web.servlet.resource.ResourceHttpRequestHandler]
Mapped URL path [/**] onto handler of type [class org.springframework.web.servlet.resource.ResourceHttpRequestHandler]
Mapped URL path [/**/favicon.ico] onto handler of type [class org.springframework.web.servlet.resource.ResourceHttpRequestHandler]
Registering beans for JMX exposure on startup
Initializing ProtocolHandler ["http-nio-8080"]
Starting ProtocolHandler ["http-nio-8080"]
Using a shared selector for servlet write/read
Tomcat started on port(s): 8080 (http)
Started SellApplication in 3.975 seconds (JVM running for 6.899)
Initializing Spring FrameworkServlet 'dispatcherServlet'
FrameworkServlet 'dispatcherServlet': initialization started
FrameworkServlet 'dispatcherServlet': initialization completed in 22 ms
HHH000397: Using ASTQueryTranslatorFactory
Starting SellApplication on GH-PC with PID 9080 (D:\masterSpring\code\sell\target\classes started by GH in D:\masterSpring\code\sell)
No active profile set, falling back to default profiles: default
Refreshing org.springframework.boot.context.embedded.AnnotationConfigEmbeddedWebApplicationContext@8f4ea7c: startup date [Thu Apr 12 23:48:36 CST 2018]; root of context hierarchy
HV000001: Hibernate Validator 5.3.6.Final
JSR-330 'javax.inject.Inject' annotation found and supported for autowiring
Bean 'org.springframework.transaction.annotation.ProxyTransactionManagementConfiguration' of type [org.springframework.transaction.annotation.ProxyTransactionManagementConfiguration$$EnhancerBySpringCGLIB$$8754739f] is not eligible for getting processed by all BeanPostProcessors (for example: not eligible for auto-proxying)
Tomcat initialized with port(s): 8080 (http)
Starting service [Tomcat]
Starting Servlet Engine: Apache Tomcat/8.5.27
Initializing Spring embedded WebApplicationContext
Root WebApplicationContext: initialization completed in 1556 ms
Mapping servlet: 'dispatcherServlet' to [/]
Mapping filter: 'characterEncodingFilter' to: [/*]
Mapping filter: 'hiddenHttpMethodFilter' to: [/*]
Mapping filter: 'httpPutFormContentFilter' to: [/*]
Mapping filter: 'requestContextFilter' to: [/*]
Building JPA container EntityManagerFactory for persistence unit 'default'
HHH000204: Processing PersistenceUnitInfo [
	name: default
	...]
HHH000412: Hibernate Core {5.0.12.Final}
HHH000206: hibernate.properties not found
HHH000021: Bytecode provider name : javassist
HCANN000001: Hibernate Commons Annotations {5.0.1.Final}
HHH000400: Using dialect: org.hibernate.dialect.MySQL5Dialect
Initialized JPA EntityManagerFactory for persistence unit 'default'
Looking for @ControllerAdvice: org.springframework.boot.context.embedded.AnnotationConfigEmbeddedWebApplicationContext@8f4ea7c: startup date [Thu Apr 12 23:48:36 CST 2018]; root of context hierarchy
Mapped "{[/buyer/order/create],methods=[POST]}" onto public com.imooc.VO.ResultVO<java.util.Map<java.lang.String, java.lang.String>> com.imooc.controller.BuyerOrderController.create(com.imooc.form.OrderForm,org.springframework.validation.BindingResult)
Mapped "{[/buyer/order/list],methods=[GET]}" onto public com.imooc.VO.ResultVO<java.util.List<com.imooc.dto.OrderDTO>> com.imooc.controller.BuyerOrderController.list(java.lang.String,java.lang.Integer,java.lang.Integer)
Mapped "{[/buyer/order/detail],methods=[GET]}" onto public com.imooc.VO.ResultVO<com.imooc.dto.OrderDTO> com.imooc.controller.BuyerOrderController.detail(java.lang.String,java.lang.String)
Mapped "{[/buyer/order/cancel],methods=[POST]}" onto public com.imooc.VO.ResultVO com.imooc.controller.BuyerOrderController.cancel(java.lang.String,java.lang.String)
Mapped "{[/buyer/product/list],methods=[GET]}" onto public com.imooc.VO.ResultVO com.imooc.controller.BuyerProductController.list()
Mapped "{[/pay/create],methods=[GET]}" onto public org.springframework.web.servlet.ModelAndView com.imooc.controller.PayController.create(java.lang.String,java.lang.String)
Mapped "{[/wechat/userInfo],methods=[GET]}" onto public java.lang.String com.imooc.controller.WechatController.userinfo(java.lang.String,java.lang.String)
Mapped "{[/wechat/authorize],methods=[GET]}" onto public java.lang.String com.imooc.controller.WechatController.authorize(java.lang.String)
Mapped "{[/weixin/auth],methods=[GET]}" onto public void com.imooc.controller.WeixinController.auth(java.lang.String)
Mapped "{[/error]}" onto public org.springframework.http.ResponseEntity<java.util.Map<java.lang.String, java.lang.Object>> org.springframework.boot.autoconfigure.web.BasicErrorController.error(javax.servlet.http.HttpServletRequest)
Mapped "{[/error],produces=[text/html]}" onto public org.springframework.web.servlet.ModelAndView org.springframework.boot.autoconfigure.web.BasicErrorController.errorHtml(javax.servlet.http.HttpServletRequest,javax.servlet.http.HttpServletResponse)
Mapped URL path [/webjars/**] onto handler of type [class org.springframework.web.servlet.resource.ResourceHttpRequestHandler]
Mapped URL path [/**] onto handler of type [class org.springframework.web.servlet.resource.ResourceHttpRequestHandler]
Mapped URL path [/**/favicon.ico] onto handler of type [class org.springframework.web.servlet.resource.ResourceHttpRequestHandler]
ClassTemplateLoader for Spring macros added to FreeMarker configuration
Registering beans for JMX exposure on startup
Initializing ProtocolHandler ["http-nio-8080"]
Starting ProtocolHandler ["http-nio-8080"]
Using a shared selector for servlet write/read
Tomcat started on port(s): 8080 (http)
Started SellApplication in 4.418 seconds (JVM running for 7.465)
Initializing Spring FrameworkServlet 'dispatcherServlet'
FrameworkServlet 'dispatcherServlet': initialization started
FrameworkServlet 'dispatcherServlet': initialization completed in 27 ms
HHH000397: Using ASTQueryTranslatorFactory
Starting SellApplication on GH-PC with PID 2728 (D:\masterSpring\code\sell\target\classes started by GH in D:\masterSpring\code\sell)
No active profile set, falling back to default profiles: default
Refreshing org.springframework.boot.context.embedded.AnnotationConfigEmbeddedWebApplicationContext@436813f3: startup date [Thu Apr 12 23:59:46 CST 2018]; root of context hierarchy
HV000001: Hibernate Validator 5.3.6.Final
JSR-330 'javax.inject.Inject' annotation found and supported for autowiring
Bean 'org.springframework.transaction.annotation.ProxyTransactionManagementConfiguration' of type [org.springframework.transaction.annotation.ProxyTransactionManagementConfiguration$$EnhancerBySpringCGLIB$$d682ba07] is not eligible for getting processed by all BeanPostProcessors (for example: not eligible for auto-proxying)
Tomcat initialized with port(s): 8080 (http)
Starting service [Tomcat]
Starting Servlet Engine: Apache Tomcat/8.5.27
Initializing Spring embedded WebApplicationContext
Root WebApplicationContext: initialization completed in 1345 ms
Mapping servlet: 'dispatcherServlet' to [/]
Mapping filter: 'characterEncodingFilter' to: [/*]
Mapping filter: 'hiddenHttpMethodFilter' to: [/*]
Mapping filter: 'httpPutFormContentFilter' to: [/*]
Mapping filter: 'requestContextFilter' to: [/*]
Building JPA container EntityManagerFactory for persistence unit 'default'
HHH000204: Processing PersistenceUnitInfo [
	name: default
	...]
HHH000412: Hibernate Core {5.0.12.Final}
HHH000206: hibernate.properties not found
HHH000021: Bytecode provider name : javassist
HCANN000001: Hibernate Commons Annotations {5.0.1.Final}
HHH000400: Using dialect: org.hibernate.dialect.MySQL5Dialect
Initialized JPA EntityManagerFactory for persistence unit 'default'
Looking for @ControllerAdvice: org.springframework.boot.context.embedded.AnnotationConfigEmbeddedWebApplicationContext@436813f3: startup date [Thu Apr 12 23:59:46 CST 2018]; root of context hierarchy
Mapped "{[/buyer/order/create],methods=[POST]}" onto public com.imooc.VO.ResultVO<java.util.Map<java.lang.String, java.lang.String>> com.imooc.controller.BuyerOrderController.create(com.imooc.form.OrderForm,org.springframework.validation.BindingResult)
Mapped "{[/buyer/order/list],methods=[GET]}" onto public com.imooc.VO.ResultVO<java.util.List<com.imooc.dto.OrderDTO>> com.imooc.controller.BuyerOrderController.list(java.lang.String,java.lang.Integer,java.lang.Integer)
Mapped "{[/buyer/order/detail],methods=[GET]}" onto public com.imooc.VO.ResultVO<com.imooc.dto.OrderDTO> com.imooc.controller.BuyerOrderController.detail(java.lang.String,java.lang.String)
Mapped "{[/buyer/order/cancel],methods=[POST]}" onto public com.imooc.VO.ResultVO com.imooc.controller.BuyerOrderController.cancel(java.lang.String,java.lang.String)
Mapped "{[/buyer/product/list],methods=[GET]}" onto public com.imooc.VO.ResultVO com.imooc.controller.BuyerProductController.list()
Mapped "{[/pay/create],methods=[GET]}" onto public org.springframework.web.servlet.ModelAndView com.imooc.controller.PayController.create(java.lang.String,java.lang.String,java.util.Map<java.lang.String, java.lang.Object>)
Mapped "{[/wechat/userInfo],methods=[GET]}" onto public java.lang.String com.imooc.controller.WechatController.userinfo(java.lang.String,java.lang.String)
Mapped "{[/wechat/authorize],methods=[GET]}" onto public java.lang.String com.imooc.controller.WechatController.authorize(java.lang.String)
Mapped "{[/weixin/auth],methods=[GET]}" onto public void com.imooc.controller.WeixinController.auth(java.lang.String)
Mapped "{[/error]}" onto public org.springframework.http.ResponseEntity<java.util.Map<java.lang.String, java.lang.Object>> org.springframework.boot.autoconfigure.web.BasicErrorController.error(javax.servlet.http.HttpServletRequest)
Mapped "{[/error],produces=[text/html]}" onto public org.springframework.web.servlet.ModelAndView org.springframework.boot.autoconfigure.web.BasicErrorController.errorHtml(javax.servlet.http.HttpServletRequest,javax.servlet.http.HttpServletResponse)
Mapped URL path [/webjars/**] onto handler of type [class org.springframework.web.servlet.resource.ResourceHttpRequestHandler]
Mapped URL path [/**] onto handler of type [class org.springframework.web.servlet.resource.ResourceHttpRequestHandler]
Mapped URL path [/**/favicon.ico] onto handler of type [class org.springframework.web.servlet.resource.ResourceHttpRequestHandler]
ClassTemplateLoader for Spring macros added to FreeMarker configuration
Registering beans for JMX exposure on startup
Initializing ProtocolHandler ["http-nio-8080"]
Starting ProtocolHandler ["http-nio-8080"]
Using a shared selector for servlet write/read
Tomcat started on port(s): 8080 (http)
Started SellApplication in 4.172 seconds (JVM running for 7.125)
Initializing Spring FrameworkServlet 'dispatcherServlet'
FrameworkServlet 'dispatcherServlet': initialization started
FrameworkServlet 'dispatcherServlet': initialization completed in 23 ms
HHH000397: Using ASTQueryTranslatorFactory
【微信支付】request={
  "payTypeEnum": "WXPAY_H5",
  "orderId": "1523238778830462700",
  "orderAmount": 3.0,
  "orderName": "微信点餐订单",
  "openid": "1101110"
}
