2018-04-04 14:11:57.900  INFO 7464 --- [main] com.imooc.LoggerTest                     : Starting LoggerTest on GH-PC with PID 7464 (started by GH in D:\masterSpring\code\sell)
2018-04-04 14:11:57.902  INFO 7464 --- [main] com.imooc.LoggerTest                     : No active profile set, falling back to default profiles: default
2018-04-04 14:11:57.962  INFO 7464 --- [main] o.s.w.c.s.GenericWebApplicationContext   : Refreshing org.springframework.web.context.support.GenericWebApplicationContext@4ef74c30: startup date [Wed Apr 04 14:11:57 CST 2018]; root of context hierarchy
2018-04-04 14:11:59.809  INFO 7464 --- [main] trationDelegate$BeanPostProcessorChecker : Bean 'org.springframework.transaction.annotation.ProxyTransactionManagementConfiguration' of type [org.springframework.transaction.annotation.ProxyTransactionManagementConfiguration$$EnhancerBySpringCGLIB$$abd7a297] is not eligible for getting processed by all BeanPostProcessors (for example: not eligible for auto-proxying)
2018-04-04 14:12:00.159  INFO 7464 --- [main] com.zaxxer.hikari.HikariDataSource       : HikariPool-1 - Starting...
2018-04-04 14:12:00.398  INFO 7464 --- [main] com.zaxxer.hikari.HikariDataSource       : HikariPool-1 - Start completed.
2018-04-04 14:12:00.461  INFO 7464 --- [main] j.LocalContainerEntityManagerFactoryBean : Building JPA container EntityManagerFactory for persistence unit 'default'
2018-04-04 14:12:00.480  INFO 7464 --- [main] o.hibernate.jpa.internal.util.LogHelper  : HHH000204: Processing PersistenceUnitInfo [
	name: default
	...]
2018-04-04 14:12:00.714  INFO 7464 --- [main] org.hibernate.Version                    : HHH000412: Hibernate Core {5.2.14.Final}
2018-04-04 14:12:00.716  INFO 7464 --- [main] org.hibernate.cfg.Environment            : HHH000206: hibernate.properties not found
2018-04-04 14:12:00.762  INFO 7464 --- [main] o.hibernate.annotations.common.Version   : HCANN000001: Hibernate Commons Annotations {5.0.1.Final}
2018-04-04 14:12:00.945  INFO 7464 --- [main] org.hibernate.dialect.Dialect            : HHH000400: Using dialect: org.hibernate.dialect.MySQL5Dialect
2018-04-04 14:12:03.261  INFO 7464 --- [main] j.LocalContainerEntityManagerFactoryBean : Initialized JPA EntityManagerFactory for persistence unit 'default'
2018-04-04 14:12:04.280  INFO 7464 --- [main] s.w.s.m.m.a.RequestMappingHandlerAdapter : Looking for @ControllerAdvice: org.springframework.web.context.support.GenericWebApplicationContext@4ef74c30: startup date [Wed Apr 04 14:11:57 CST 2018]; root of context hierarchy
2018-04-04 14:12:04.366  WARN 7464 --- [main] aWebConfiguration$JpaWebMvcConfiguration : spring.jpa.open-in-view is enabled by default. Therefore, database queries may be performed during view rendering. Explicitly configure spring.jpa.open-in-view to disable this warning
2018-04-04 14:12:04.437  INFO 7464 --- [main] s.w.s.m.m.a.RequestMappingHandlerMapping : Mapped "{[/error]}" onto public org.springframework.http.ResponseEntity<java.util.Map<java.lang.String, java.lang.Object>> org.springframework.boot.autoconfigure.web.servlet.error.BasicErrorController.error(javax.servlet.http.HttpServletRequest)
2018-04-04 14:12:04.439  INFO 7464 --- [main] s.w.s.m.m.a.RequestMappingHandlerMapping : Mapped "{[/error],produces=[text/html]}" onto public org.springframework.web.servlet.ModelAndView org.springframework.boot.autoconfigure.web.servlet.error.BasicErrorController.errorHtml(javax.servlet.http.HttpServletRequest,javax.servlet.http.HttpServletResponse)
2018-04-04 14:12:04.532  INFO 7464 --- [main] o.s.w.s.handler.SimpleUrlHandlerMapping  : Mapped URL path [/webjars/**] onto handler of type [class org.springframework.web.servlet.resource.ResourceHttpRequestHandler]
2018-04-04 14:12:04.532  INFO 7464 --- [main] o.s.w.s.handler.SimpleUrlHandlerMapping  : Mapped URL path [/**] onto handler of type [class org.springframework.web.servlet.resource.ResourceHttpRequestHandler]
2018-04-04 14:12:04.610  INFO 7464 --- [main] o.s.w.s.handler.SimpleUrlHandlerMapping  : Mapped URL path [/**/favicon.ico] onto handler of type [class org.springframework.web.servlet.resource.ResourceHttpRequestHandler]
2018-04-04 14:12:05.020  INFO 7464 --- [main] com.imooc.LoggerTest                     : Started LoggerTest in 8.2 seconds (JVM running for 9.81)
2018-04-04 14:12:05.170  INFO 7464 --- [main] com.imooc.LoggerTest                     : info....
2018-04-04 14:12:05.170 ERROR 7464 --- [main] com.imooc.LoggerTest                     : error....
2018-04-04 14:12:05.176  INFO 7464 --- [Thread-2] o.s.w.c.s.GenericWebApplicationContext   : Closing org.springframework.web.context.support.GenericWebApplicationContext@4ef74c30: startup date [Wed Apr 04 14:11:57 CST 2018]; root of context hierarchy
2018-04-04 14:12:05.183  INFO 7464 --- [Thread-2] j.LocalContainerEntityManagerFactoryBean : Closing JPA EntityManagerFactory for persistence unit 'default'
2018-04-04 14:12:05.185  INFO 7464 --- [Thread-2] com.zaxxer.hikari.HikariDataSource       : HikariPool-1 - Shutdown initiated...
2018-04-04 14:12:05.200  INFO 7464 --- [Thread-2] com.zaxxer.hikari.HikariDataSource       : HikariPool-1 - Shutdown completed.
